mode: set
github.com/v-starostin/go-metrics/cmd/server/main.go:5.13,7.2 1 0
github.com/v-starostin/go-metrics/internal/mock/http_client.go:17.69,20.19 2 0
github.com/v-starostin/go-metrics/internal/mock/http_client.go:20.19,21.44 1 0
github.com/v-starostin/go-metrics/internal/mock/http_client.go:24.2,26.76 3 0
github.com/v-starostin/go-metrics/internal/mock/http_client.go:26.76,28.3 1 0
github.com/v-starostin/go-metrics/internal/mock/http_client.go:29.2,29.67 1 0
github.com/v-starostin/go-metrics/internal/mock/http_client.go:29.67,31.3 1 0
github.com/v-starostin/go-metrics/internal/mock/http_client.go:31.8,32.24 1 0
github.com/v-starostin/go-metrics/internal/mock/http_client.go:32.24,34.4 1 0
github.com/v-starostin/go-metrics/internal/mock/http_client.go:37.2,37.58 1 0
github.com/v-starostin/go-metrics/internal/mock/http_client.go:37.58,39.3 1 0
github.com/v-starostin/go-metrics/internal/mock/http_client.go:39.8,41.3 1 0
github.com/v-starostin/go-metrics/internal/mock/http_client.go:43.2,43.15 1 0
github.com/v-starostin/go-metrics/internal/mock/http_client.go:51.16,55.19 3 0
github.com/v-starostin/go-metrics/internal/mock/http_client.go:55.19,55.49 1 0
github.com/v-starostin/go-metrics/internal/mock/http_client.go:57.2,57.13 1 0
github.com/v-starostin/go-metrics/internal/mock/repository.go:16.79,19.19 2 0
github.com/v-starostin/go-metrics/internal/mock/repository.go:19.19,20.46 1 0
github.com/v-starostin/go-metrics/internal/mock/repository.go:23.2,25.76 3 0
github.com/v-starostin/go-metrics/internal/mock/repository.go:25.76,27.3 1 0
github.com/v-starostin/go-metrics/internal/mock/repository.go:28.2,28.67 1 0
github.com/v-starostin/go-metrics/internal/mock/repository.go:28.67,30.3 1 0
github.com/v-starostin/go-metrics/internal/mock/repository.go:30.8,31.24 1 0
github.com/v-starostin/go-metrics/internal/mock/repository.go:31.24,33.4 1 0
github.com/v-starostin/go-metrics/internal/mock/repository.go:36.2,36.59 1 0
github.com/v-starostin/go-metrics/internal/mock/repository.go:36.59,38.3 1 0
github.com/v-starostin/go-metrics/internal/mock/repository.go:38.8,40.3 1 0
github.com/v-starostin/go-metrics/internal/mock/repository.go:42.2,42.15 1 0
github.com/v-starostin/go-metrics/internal/mock/repository.go:46.53,49.19 2 0
github.com/v-starostin/go-metrics/internal/mock/repository.go:49.19,50.49 1 0
github.com/v-starostin/go-metrics/internal/mock/repository.go:53.2,55.59 3 0
github.com/v-starostin/go-metrics/internal/mock/repository.go:55.59,57.3 1 0
github.com/v-starostin/go-metrics/internal/mock/repository.go:58.2,58.50 1 0
github.com/v-starostin/go-metrics/internal/mock/repository.go:58.50,60.3 1 0
github.com/v-starostin/go-metrics/internal/mock/repository.go:60.8,61.24 1 0
github.com/v-starostin/go-metrics/internal/mock/repository.go:61.24,63.4 1 0
github.com/v-starostin/go-metrics/internal/mock/repository.go:66.2,66.45 1 0
github.com/v-starostin/go-metrics/internal/mock/repository.go:66.45,68.3 1 0
github.com/v-starostin/go-metrics/internal/mock/repository.go:68.8,70.3 1 0
github.com/v-starostin/go-metrics/internal/mock/repository.go:72.2,72.15 1 0
github.com/v-starostin/go-metrics/internal/mock/repository.go:76.43,79.19 2 0
github.com/v-starostin/go-metrics/internal/mock/repository.go:79.19,80.53 1 0
github.com/v-starostin/go-metrics/internal/mock/repository.go:83.2,84.45 2 0
github.com/v-starostin/go-metrics/internal/mock/repository.go:84.45,86.3 1 0
github.com/v-starostin/go-metrics/internal/mock/repository.go:86.8,88.3 1 0
github.com/v-starostin/go-metrics/internal/mock/repository.go:90.2,90.11 1 0
github.com/v-starostin/go-metrics/internal/mock/repository.go:94.47,97.19 2 0
github.com/v-starostin/go-metrics/internal/mock/repository.go:97.19,98.57 1 0
github.com/v-starostin/go-metrics/internal/mock/repository.go:101.2,102.45 2 0
github.com/v-starostin/go-metrics/internal/mock/repository.go:102.45,104.3 1 0
github.com/v-starostin/go-metrics/internal/mock/repository.go:104.8,106.3 1 0
github.com/v-starostin/go-metrics/internal/mock/repository.go:108.2,108.11 1 0
github.com/v-starostin/go-metrics/internal/mock/repository.go:112.57,115.19 2 0
github.com/v-starostin/go-metrics/internal/mock/repository.go:115.19,116.53 1 0
github.com/v-starostin/go-metrics/internal/mock/repository.go:119.2,120.57 2 0
github.com/v-starostin/go-metrics/internal/mock/repository.go:120.57,122.3 1 0
github.com/v-starostin/go-metrics/internal/mock/repository.go:122.8,124.3 1 0
github.com/v-starostin/go-metrics/internal/mock/repository.go:126.2,126.11 1 0
github.com/v-starostin/go-metrics/internal/mock/repository.go:130.60,133.19 2 0
github.com/v-starostin/go-metrics/internal/mock/repository.go:133.19,134.54 1 0
github.com/v-starostin/go-metrics/internal/mock/repository.go:137.2,138.59 2 0
github.com/v-starostin/go-metrics/internal/mock/repository.go:138.59,140.3 1 0
github.com/v-starostin/go-metrics/internal/mock/repository.go:140.8,142.3 1 0
github.com/v-starostin/go-metrics/internal/mock/repository.go:144.2,144.11 1 0
github.com/v-starostin/go-metrics/internal/mock/repository.go:148.43,151.19 2 0
github.com/v-starostin/go-metrics/internal/mock/repository.go:151.19,152.53 1 0
github.com/v-starostin/go-metrics/internal/mock/repository.go:155.2,156.45 2 0
github.com/v-starostin/go-metrics/internal/mock/repository.go:156.45,158.3 1 0
github.com/v-starostin/go-metrics/internal/mock/repository.go:158.8,160.3 1 0
github.com/v-starostin/go-metrics/internal/mock/repository.go:162.2,162.11 1 0
github.com/v-starostin/go-metrics/internal/mock/repository.go:170.16,174.19 3 0
github.com/v-starostin/go-metrics/internal/mock/repository.go:174.19,174.49 1 0
github.com/v-starostin/go-metrics/internal/mock/repository.go:176.2,176.13 1 0
github.com/v-starostin/go-metrics/internal/mock/service.go:16.81,19.19 2 0
github.com/v-starostin/go-metrics/internal/mock/service.go:19.19,20.51 1 0
github.com/v-starostin/go-metrics/internal/mock/service.go:23.2,25.76 3 0
github.com/v-starostin/go-metrics/internal/mock/service.go:25.76,27.3 1 0
github.com/v-starostin/go-metrics/internal/mock/service.go:28.2,28.67 1 0
github.com/v-starostin/go-metrics/internal/mock/service.go:28.67,30.3 1 0
github.com/v-starostin/go-metrics/internal/mock/service.go:30.8,31.24 1 0
github.com/v-starostin/go-metrics/internal/mock/service.go:31.24,33.4 1 0
github.com/v-starostin/go-metrics/internal/mock/service.go:36.2,36.59 1 0
github.com/v-starostin/go-metrics/internal/mock/service.go:36.59,38.3 1 0
github.com/v-starostin/go-metrics/internal/mock/service.go:38.8,40.3 1 0
github.com/v-starostin/go-metrics/internal/mock/service.go:42.2,42.15 1 0
github.com/v-starostin/go-metrics/internal/mock/service.go:46.53,49.19 2 0
github.com/v-starostin/go-metrics/internal/mock/service.go:49.19,50.52 1 0
github.com/v-starostin/go-metrics/internal/mock/service.go:53.2,55.59 3 0
github.com/v-starostin/go-metrics/internal/mock/service.go:55.59,57.3 1 0
github.com/v-starostin/go-metrics/internal/mock/service.go:58.2,58.50 1 0
github.com/v-starostin/go-metrics/internal/mock/service.go:58.50,60.3 1 0
github.com/v-starostin/go-metrics/internal/mock/service.go:60.8,61.24 1 0
github.com/v-starostin/go-metrics/internal/mock/service.go:61.24,63.4 1 0
github.com/v-starostin/go-metrics/internal/mock/service.go:66.2,66.45 1 0
github.com/v-starostin/go-metrics/internal/mock/service.go:66.45,68.3 1 0
github.com/v-starostin/go-metrics/internal/mock/service.go:68.8,70.3 1 0
github.com/v-starostin/go-metrics/internal/mock/service.go:72.2,72.15 1 0
github.com/v-starostin/go-metrics/internal/mock/service.go:76.40,79.19 2 0
github.com/v-starostin/go-metrics/internal/mock/service.go:79.19,80.53 1 0
github.com/v-starostin/go-metrics/internal/mock/service.go:83.2,84.45 2 0
github.com/v-starostin/go-metrics/internal/mock/service.go:84.45,86.3 1 0
github.com/v-starostin/go-metrics/internal/mock/service.go:86.8,88.3 1 0
github.com/v-starostin/go-metrics/internal/mock/service.go:90.2,90.11 1 0
github.com/v-starostin/go-metrics/internal/mock/service.go:94.44,97.19 2 0
github.com/v-starostin/go-metrics/internal/mock/service.go:97.19,98.57 1 0
github.com/v-starostin/go-metrics/internal/mock/service.go:101.2,102.45 2 0
github.com/v-starostin/go-metrics/internal/mock/service.go:102.45,104.3 1 0
github.com/v-starostin/go-metrics/internal/mock/service.go:104.8,106.3 1 0
github.com/v-starostin/go-metrics/internal/mock/service.go:108.2,108.11 1 0
github.com/v-starostin/go-metrics/internal/mock/service.go:112.53,115.19 2 0
github.com/v-starostin/go-metrics/internal/mock/service.go:115.19,116.52 1 0
github.com/v-starostin/go-metrics/internal/mock/service.go:119.2,120.57 2 0
github.com/v-starostin/go-metrics/internal/mock/service.go:120.57,122.3 1 0
github.com/v-starostin/go-metrics/internal/mock/service.go:122.8,124.3 1 0
github.com/v-starostin/go-metrics/internal/mock/service.go:126.2,126.11 1 0
github.com/v-starostin/go-metrics/internal/mock/service.go:130.56,133.19 2 0
github.com/v-starostin/go-metrics/internal/mock/service.go:133.19,134.53 1 0
github.com/v-starostin/go-metrics/internal/mock/service.go:137.2,138.59 2 0
github.com/v-starostin/go-metrics/internal/mock/service.go:138.59,140.3 1 0
github.com/v-starostin/go-metrics/internal/mock/service.go:140.8,142.3 1 0
github.com/v-starostin/go-metrics/internal/mock/service.go:144.2,144.11 1 0
github.com/v-starostin/go-metrics/internal/mock/service.go:148.40,151.19 2 0
github.com/v-starostin/go-metrics/internal/mock/service.go:151.19,152.53 1 0
github.com/v-starostin/go-metrics/internal/mock/service.go:155.2,156.45 2 0
github.com/v-starostin/go-metrics/internal/mock/service.go:156.45,158.3 1 0
github.com/v-starostin/go-metrics/internal/mock/service.go:158.8,160.3 1 0
github.com/v-starostin/go-metrics/internal/mock/service.go:162.2,162.11 1 0
github.com/v-starostin/go-metrics/internal/mock/service.go:170.13,174.19 3 0
github.com/v-starostin/go-metrics/internal/mock/service.go:174.19,174.49 1 0
github.com/v-starostin/go-metrics/internal/mock/service.go:176.2,176.13 1 0
github.com/v-starostin/go-metrics/internal/config/config.go:21.33,25.43 3 0
github.com/v-starostin/go-metrics/internal/config/config.go:25.43,27.3 1 0
github.com/v-starostin/go-metrics/internal/config/config.go:29.2,29.32 1 0
github.com/v-starostin/go-metrics/internal/config/config.go:29.32,31.3 1 0
github.com/v-starostin/go-metrics/internal/config/config.go:32.2,32.32 1 0
github.com/v-starostin/go-metrics/internal/config/config.go:32.32,34.3 1 0
github.com/v-starostin/go-metrics/internal/config/config.go:35.2,35.30 1 0
github.com/v-starostin/go-metrics/internal/config/config.go:35.30,37.3 1 0
github.com/v-starostin/go-metrics/internal/config/config.go:38.2,38.22 1 0
github.com/v-starostin/go-metrics/internal/config/config.go:38.22,40.3 1 0
github.com/v-starostin/go-metrics/internal/config/config.go:41.2,41.27 1 0
github.com/v-starostin/go-metrics/internal/config/config.go:41.27,43.3 1 0
github.com/v-starostin/go-metrics/internal/config/config.go:45.2,45.20 1 0
github.com/v-starostin/go-metrics/internal/config/config.go:48.34,52.43 3 0
github.com/v-starostin/go-metrics/internal/config/config.go:52.43,54.3 1 0
github.com/v-starostin/go-metrics/internal/config/config.go:56.2,56.32 1 0
github.com/v-starostin/go-metrics/internal/config/config.go:56.32,58.3 1 0
github.com/v-starostin/go-metrics/internal/config/config.go:59.2,59.27 1 0
github.com/v-starostin/go-metrics/internal/config/config.go:59.27,61.3 1 0
github.com/v-starostin/go-metrics/internal/config/config.go:62.2,62.33 1 0
github.com/v-starostin/go-metrics/internal/config/config.go:62.33,64.3 1 0
github.com/v-starostin/go-metrics/internal/config/config.go:65.2,65.34 1 0
github.com/v-starostin/go-metrics/internal/config/config.go:65.34,67.3 1 0
github.com/v-starostin/go-metrics/internal/config/config.go:68.2,68.30 1 0
github.com/v-starostin/go-metrics/internal/config/config.go:68.30,70.3 1 0
github.com/v-starostin/go-metrics/internal/config/config.go:71.2,71.22 1 0
github.com/v-starostin/go-metrics/internal/config/config.go:71.22,73.3 1 0
github.com/v-starostin/go-metrics/internal/config/config.go:74.2,74.27 1 0
github.com/v-starostin/go-metrics/internal/config/config.go:74.27,76.3 1 0
github.com/v-starostin/go-metrics/internal/config/config.go:78.2,78.30 1 0
github.com/v-starostin/go-metrics/internal/config/config.go:78.30,82.3 3 0
github.com/v-starostin/go-metrics/internal/config/config.go:84.2,84.20 1 0
github.com/v-starostin/go-metrics/internal/config/config.go:87.31,102.2 7 0
github.com/v-starostin/go-metrics/internal/config/config.go:104.32,121.2 8 0
github.com/v-starostin/go-metrics/internal/application/application.go:34.56,39.2 1 0
github.com/v-starostin/go-metrics/internal/application/application.go:40.68,50.34 9 0
github.com/v-starostin/go-metrics/internal/application/application.go:50.34,63.3 12 0
github.com/v-starostin/go-metrics/internal/application/application.go:65.2,65.19 1 0
github.com/v-starostin/go-metrics/internal/application/application.go:68.53,70.16 2 0
github.com/v-starostin/go-metrics/internal/application/application.go:70.16,72.3 1 0
github.com/v-starostin/go-metrics/internal/application/application.go:74.2,74.34 1 0
github.com/v-starostin/go-metrics/internal/application/application.go:74.34,76.3 1 0
github.com/v-starostin/go-metrics/internal/application/application.go:78.2,79.16 2 0
github.com/v-starostin/go-metrics/internal/application/application.go:79.16,81.3 1 0
github.com/v-starostin/go-metrics/internal/application/application.go:83.2,84.16 2 0
github.com/v-starostin/go-metrics/internal/application/application.go:84.16,86.3 1 0
github.com/v-starostin/go-metrics/internal/application/application.go:88.2,88.71 1 0
github.com/v-starostin/go-metrics/internal/application/application.go:88.71,90.3 1 0
github.com/v-starostin/go-metrics/internal/application/application.go:92.2,92.16 1 0
github.com/v-starostin/go-metrics/internal/application/application.go:95.12,99.16 3 0
github.com/v-starostin/go-metrics/internal/application/application.go:99.16,102.3 2 0
github.com/v-starostin/go-metrics/internal/application/application.go:104.2,106.27 3 0
github.com/v-starostin/go-metrics/internal/application/application.go:106.27,108.17 2 0
github.com/v-starostin/go-metrics/internal/application/application.go:108.17,111.4 2 0
github.com/v-starostin/go-metrics/internal/application/application.go:112.3,113.44 2 0
github.com/v-starostin/go-metrics/internal/application/application.go:114.8,116.3 1 0
github.com/v-starostin/go-metrics/internal/application/application.go:118.2,124.18 5 0
github.com/v-starostin/go-metrics/internal/application/application.go:124.18,125.45 1 0
github.com/v-starostin/go-metrics/internal/application/application.go:125.45,127.4 1 0
github.com/v-starostin/go-metrics/internal/application/application.go:128.3,128.59 1 0
github.com/v-starostin/go-metrics/internal/application/application.go:131.2,134.28 3 0
github.com/v-starostin/go-metrics/internal/application/application.go:134.28,137.13 2 0
github.com/v-starostin/go-metrics/internal/application/application.go:137.13,139.8 1 0
github.com/v-starostin/go-metrics/internal/application/application.go:139.8,140.12 1 0
github.com/v-starostin/go-metrics/internal/application/application.go:141.21,142.44 1 0
github.com/v-starostin/go-metrics/internal/application/application.go:142.44,144.7 1 0
github.com/v-starostin/go-metrics/internal/application/application.go:145.23,147.16 2 0
github.com/v-starostin/go-metrics/internal/application/application.go:153.2,159.11 5 0
github.com/v-starostin/go-metrics/internal/application/application.go:162.53,164.88 2 0
github.com/v-starostin/go-metrics/internal/application/application.go:164.88,167.3 2 0
github.com/v-starostin/go-metrics/internal/application/application.go:170.107,176.16 4 0
github.com/v-starostin/go-metrics/internal/application/application.go:176.16,177.41 1 0
github.com/v-starostin/go-metrics/internal/application/application.go:177.41,179.4 1 0
github.com/v-starostin/go-metrics/internal/application/application.go:182.2,186.16 4 0
github.com/v-starostin/go-metrics/internal/application/application.go:186.16,189.3 2 0
github.com/v-starostin/go-metrics/internal/application/application.go:191.2,191.50 1 0
github.com/v-starostin/go-metrics/internal/repository/db.go:20.62,25.2 1 0
github.com/v-starostin/go-metrics/internal/repository/db.go:27.68,33.65 5 0
github.com/v-starostin/go-metrics/internal/repository/db.go:33.65,36.3 2 0
github.com/v-starostin/go-metrics/internal/repository/db.go:38.2,43.8 1 0
github.com/v-starostin/go-metrics/internal/repository/db.go:46.49,48.16 2 0
github.com/v-starostin/go-metrics/internal/repository/db.go:48.16,51.3 2 0
github.com/v-starostin/go-metrics/internal/repository/db.go:52.2,55.18 3 0
github.com/v-starostin/go-metrics/internal/repository/db.go:55.18,60.67 4 0
github.com/v-starostin/go-metrics/internal/repository/db.go:60.67,63.4 2 0
github.com/v-starostin/go-metrics/internal/repository/db.go:64.3,65.10 2 0
github.com/v-starostin/go-metrics/internal/repository/db.go:65.10,74.12 2 0
github.com/v-starostin/go-metrics/internal/repository/db.go:76.3,81.4 1 0
github.com/v-starostin/go-metrics/internal/repository/db.go:83.2,83.35 1 0
github.com/v-starostin/go-metrics/internal/repository/db.go:83.35,86.3 2 0
github.com/v-starostin/go-metrics/internal/repository/db.go:88.2,88.20 1 0
github.com/v-starostin/go-metrics/internal/repository/db.go:91.62,93.16 2 0
github.com/v-starostin/go-metrics/internal/repository/db.go:93.16,96.3 2 0
github.com/v-starostin/go-metrics/internal/repository/db.go:98.2,98.33 1 0
github.com/v-starostin/go-metrics/internal/repository/db.go:98.33,100.17 2 0
github.com/v-starostin/go-metrics/internal/repository/db.go:100.17,104.4 3 0
github.com/v-starostin/go-metrics/internal/repository/db.go:107.2,107.36 1 0
github.com/v-starostin/go-metrics/internal/repository/db.go:107.36,110.3 2 0
github.com/v-starostin/go-metrics/internal/repository/db.go:112.2,112.12 1 0
github.com/v-starostin/go-metrics/internal/repository/db.go:115.70,123.50 6 0
github.com/v-starostin/go-metrics/internal/repository/db.go:123.50,126.3 2 0
github.com/v-starostin/go-metrics/internal/repository/db.go:128.2,128.36 1 0
github.com/v-starostin/go-metrics/internal/repository/db.go:128.36,129.10 1 0
github.com/v-starostin/go-metrics/internal/repository/db.go:130.18,134.5 1 0
github.com/v-starostin/go-metrics/internal/repository/db.go:135.11,139.5 1 0
github.com/v-starostin/go-metrics/internal/repository/db.go:141.3,141.17 1 0
github.com/v-starostin/go-metrics/internal/repository/db.go:141.17,144.4 2 0
github.com/v-starostin/go-metrics/internal/repository/db.go:147.2,147.34 1 0
github.com/v-starostin/go-metrics/internal/repository/db.go:147.34,148.10 1 0
github.com/v-starostin/go-metrics/internal/repository/db.go:149.18,153.5 1 0
github.com/v-starostin/go-metrics/internal/repository/db.go:154.11,158.5 1 0
github.com/v-starostin/go-metrics/internal/repository/db.go:160.3,160.17 1 0
github.com/v-starostin/go-metrics/internal/repository/db.go:160.17,163.4 2 0
github.com/v-starostin/go-metrics/internal/repository/db.go:166.2,166.12 1 0
github.com/v-starostin/go-metrics/internal/repository/db.go:169.53,171.16 2 0
github.com/v-starostin/go-metrics/internal/repository/db.go:171.16,174.3 2 0
github.com/v-starostin/go-metrics/internal/repository/db.go:175.2,175.47 1 0
github.com/v-starostin/go-metrics/internal/repository/db.go:175.47,179.3 3 0
github.com/v-starostin/go-metrics/internal/repository/db.go:180.2,180.36 1 0
github.com/v-starostin/go-metrics/internal/repository/db.go:180.36,183.3 2 0
github.com/v-starostin/go-metrics/internal/repository/db.go:184.2,184.12 1 0
github.com/v-starostin/go-metrics/internal/repository/db.go:187.39,189.2 1 0
github.com/v-starostin/go-metrics/internal/repository/db.go:191.41,192.13 1 0
github.com/v-starostin/go-metrics/internal/repository/db.go:192.13,194.3 1 0
github.com/v-starostin/go-metrics/internal/repository/db.go:195.2,195.12 1 0
github.com/v-starostin/go-metrics/internal/repository/db.go:198.45,199.13 1 0
github.com/v-starostin/go-metrics/internal/repository/db.go:199.13,201.3 1 0
github.com/v-starostin/go-metrics/internal/repository/db.go:202.2,202.12 1 0
github.com/v-starostin/go-metrics/internal/repository/db.go:205.43,207.2 1 0
github.com/v-starostin/go-metrics/internal/repository/db.go:209.39,211.2 1 0
github.com/v-starostin/go-metrics/internal/repository/memstorage.go:24.83,31.2 1 0
github.com/v-starostin/go-metrics/internal/repository/memstorage.go:33.46,35.36 2 0
github.com/v-starostin/go-metrics/internal/repository/memstorage.go:35.36,37.3 1 0
github.com/v-starostin/go-metrics/internal/repository/memstorage.go:38.2,38.16 1 0
github.com/v-starostin/go-metrics/internal/repository/memstorage.go:38.16,40.3 1 0
github.com/v-starostin/go-metrics/internal/repository/memstorage.go:41.2,42.16 2 0
github.com/v-starostin/go-metrics/internal/repository/memstorage.go:42.16,44.3 1 0
github.com/v-starostin/go-metrics/internal/repository/memstorage.go:46.2,46.51 1 0
github.com/v-starostin/go-metrics/internal/repository/memstorage.go:46.51,48.3 1 0
github.com/v-starostin/go-metrics/internal/repository/memstorage.go:49.2,50.12 2 0
github.com/v-starostin/go-metrics/internal/repository/memstorage.go:53.42,55.16 2 0
github.com/v-starostin/go-metrics/internal/repository/memstorage.go:55.16,57.3 1 0
github.com/v-starostin/go-metrics/internal/repository/memstorage.go:58.2,62.16 4 0
github.com/v-starostin/go-metrics/internal/repository/memstorage.go:62.16,64.3 1 0
github.com/v-starostin/go-metrics/internal/repository/memstorage.go:65.2,68.16 3 0
github.com/v-starostin/go-metrics/internal/repository/memstorage.go:68.16,70.3 1 0
github.com/v-starostin/go-metrics/internal/repository/memstorage.go:71.2,72.12 2 0
github.com/v-starostin/go-metrics/internal/repository/memstorage.go:75.52,79.2 3 0
github.com/v-starostin/go-metrics/internal/repository/memstorage.go:81.71,86.9 4 0
github.com/v-starostin/go-metrics/internal/repository/memstorage.go:86.9,88.3 1 0
github.com/v-starostin/go-metrics/internal/repository/memstorage.go:90.2,91.9 2 0
github.com/v-starostin/go-metrics/internal/repository/memstorage.go:91.9,93.3 1 0
github.com/v-starostin/go-metrics/internal/repository/memstorage.go:95.2,95.21 1 0
github.com/v-starostin/go-metrics/internal/repository/memstorage.go:98.56,102.21 3 0
github.com/v-starostin/go-metrics/internal/repository/memstorage.go:102.21,103.16 1 0
github.com/v-starostin/go-metrics/internal/repository/memstorage.go:103.16,104.42 1 0
github.com/v-starostin/go-metrics/internal/repository/memstorage.go:104.42,106.5 1 0
github.com/v-starostin/go-metrics/internal/repository/memstorage.go:110.2,111.9 2 0
github.com/v-starostin/go-metrics/internal/repository/memstorage.go:111.9,116.3 2 0
github.com/v-starostin/go-metrics/internal/repository/memstorage.go:118.2,118.17 1 0
github.com/v-starostin/go-metrics/internal/repository/memstorage.go:119.25,120.73 1 0
github.com/v-starostin/go-metrics/internal/repository/memstorage.go:121.27,123.10 2 0
github.com/v-starostin/go-metrics/internal/repository/memstorage.go:123.10,126.4 2 0
github.com/v-starostin/go-metrics/internal/repository/memstorage.go:127.3,128.78 2 0
github.com/v-starostin/go-metrics/internal/repository/memstorage.go:130.2,132.12 2 0
github.com/v-starostin/go-metrics/internal/repository/memstorage.go:135.65,137.33 2 0
github.com/v-starostin/go-metrics/internal/repository/memstorage.go:137.33,139.17 2 0
github.com/v-starostin/go-metrics/internal/repository/memstorage.go:139.17,141.4 1 0
github.com/v-starostin/go-metrics/internal/repository/memstorage.go:143.2,143.12 1 0
github.com/v-starostin/go-metrics/internal/repository/memstorage.go:146.42,148.2 1 0
github.com/v-starostin/go-metrics/cmd/agent/main.go:18.13,22.16 3 0
github.com/v-starostin/go-metrics/cmd/agent/main.go:22.16,25.3 2 0
github.com/v-starostin/go-metrics/cmd/agent/main.go:26.2,44.37 9 0
github.com/v-starostin/go-metrics/cmd/agent/main.go:44.37,45.54 1 0
github.com/v-starostin/go-metrics/cmd/agent/main.go:45.54,47.4 1 0
github.com/v-starostin/go-metrics/cmd/agent/main.go:50.2,51.50 2 0
github.com/v-starostin/go-metrics/cmd/server/main.go:5.13,7.2 1 0
github.com/v-starostin/go-metrics/internal/agent/agent.go:43.81,55.2 3 0
github.com/v-starostin/go-metrics/internal/agent/agent.go:57.92,58.6 1 0
github.com/v-starostin/go-metrics/internal/agent/agent.go:58.6,60.10 2 0
github.com/v-starostin/go-metrics/internal/agent/agent.go:60.10,62.4 1 0
github.com/v-starostin/go-metrics/internal/agent/agent.go:62.9,64.18 2 0
github.com/v-starostin/go-metrics/internal/agent/agent.go:64.18,67.5 2 0
github.com/v-starostin/go-metrics/internal/agent/agent.go:68.4,73.18 5 0
github.com/v-starostin/go-metrics/internal/agent/agent.go:73.18,76.5 2 0
github.com/v-starostin/go-metrics/internal/agent/agent.go:77.4,86.18 4 0
github.com/v-starostin/go-metrics/internal/agent/agent.go:86.18,89.5 2 0
github.com/v-starostin/go-metrics/internal/agent/agent.go:90.4,90.19 1 0
github.com/v-starostin/go-metrics/internal/agent/agent.go:90.19,93.52 3 0
github.com/v-starostin/go-metrics/internal/agent/agent.go:93.52,95.6 1 0
github.com/v-starostin/go-metrics/internal/agent/agent.go:96.5,98.56 3 0
github.com/v-starostin/go-metrics/internal/agent/agent.go:100.4,104.18 4 0
github.com/v-starostin/go-metrics/internal/agent/agent.go:104.18,107.5 2 0
github.com/v-starostin/go-metrics/internal/agent/agent.go:108.4,109.60 2 0
github.com/v-starostin/go-metrics/internal/agent/agent.go:114.84,117.6 2 0
github.com/v-starostin/go-metrics/internal/agent/agent.go:117.6,118.10 1 0
github.com/v-starostin/go-metrics/internal/agent/agent.go:119.14,126.50 6 0
github.com/v-starostin/go-metrics/internal/agent/agent.go:126.50,128.12 2 0
github.com/v-starostin/go-metrics/internal/agent/agent.go:128.12,130.6 1 0
github.com/v-starostin/go-metrics/internal/agent/agent.go:131.5,132.97 2 0
github.com/v-starostin/go-metrics/internal/agent/agent.go:135.4,137.78 3 0
github.com/v-starostin/go-metrics/internal/agent/agent.go:138.21,140.10 2 0
github.com/v-starostin/go-metrics/internal/agent/agent.go:145.85,148.6 2 0
github.com/v-starostin/go-metrics/internal/agent/agent.go:148.6,149.10 1 0
github.com/v-starostin/go-metrics/internal/agent/agent.go:150.14,152.18 2 0
github.com/v-starostin/go-metrics/internal/agent/agent.go:152.18,154.5 1 0
github.com/v-starostin/go-metrics/internal/agent/agent.go:155.4,157.131 3 0
github.com/v-starostin/go-metrics/internal/agent/agent.go:158.21,160.10 2 0
github.com/v-starostin/go-metrics/internal/agent/agent.go:165.104,171.12 5 0
github.com/v-starostin/go-metrics/internal/agent/agent.go:171.12,173.7 2 0
github.com/v-starostin/go-metrics/internal/agent/agent.go:173.7,174.11 1 0
github.com/v-starostin/go-metrics/internal/agent/agent.go:175.15,176.20 1 0
github.com/v-starostin/go-metrics/internal/agent/agent.go:177.22,179.11 2 0
github.com/v-starostin/go-metrics/internal/agent/agent.go:184.2,184.12 1 0
github.com/v-starostin/go-metrics/internal/agent/agent.go:184.12,187.3 2 0
github.com/v-starostin/go-metrics/internal/agent/agent.go:189.2,189.11 1 0
github.com/v-starostin/go-metrics/internal/agent/agent.go:192.130,195.16 3 0
github.com/v-starostin/go-metrics/internal/agent/agent.go:195.16,197.3 1 0
github.com/v-starostin/go-metrics/internal/agent/agent.go:198.2,198.9 1 0
github.com/v-starostin/go-metrics/internal/agent/agent.go:199.20,200.19 1 0
github.com/v-starostin/go-metrics/internal/agent/agent.go:201.10,201.10 0 0
github.com/v-starostin/go-metrics/internal/agent/agent.go:204.2,204.34 1 0
github.com/v-starostin/go-metrics/internal/agent/agent.go:204.34,208.10 3 0
github.com/v-starostin/go-metrics/internal/agent/agent.go:209.14,210.33 1 0
github.com/v-starostin/go-metrics/internal/agent/agent.go:210.33,212.5 1 0
github.com/v-starostin/go-metrics/internal/agent/agent.go:213.21,214.20 1 0
github.com/v-starostin/go-metrics/internal/agent/agent.go:218.2,219.12 2 0
github.com/v-starostin/go-metrics/internal/application/application.go:34.56,39.2 1 0
github.com/v-starostin/go-metrics/internal/application/application.go:40.68,50.34 9 0
github.com/v-starostin/go-metrics/internal/application/application.go:50.34,63.3 12 0
github.com/v-starostin/go-metrics/internal/application/application.go:65.2,65.19 1 0
github.com/v-starostin/go-metrics/internal/application/application.go:68.53,70.16 2 0
github.com/v-starostin/go-metrics/internal/application/application.go:70.16,72.3 1 0
github.com/v-starostin/go-metrics/internal/application/application.go:74.2,74.34 1 0
github.com/v-starostin/go-metrics/internal/application/application.go:74.34,76.3 1 0
github.com/v-starostin/go-metrics/internal/application/application.go:78.2,79.16 2 0
github.com/v-starostin/go-metrics/internal/application/application.go:79.16,81.3 1 0
github.com/v-starostin/go-metrics/internal/application/application.go:83.2,84.16 2 0
github.com/v-starostin/go-metrics/internal/application/application.go:84.16,86.3 1 0
github.com/v-starostin/go-metrics/internal/application/application.go:88.2,88.71 1 0
github.com/v-starostin/go-metrics/internal/application/application.go:88.71,90.3 1 0
github.com/v-starostin/go-metrics/internal/application/application.go:92.2,92.16 1 0
github.com/v-starostin/go-metrics/internal/application/application.go:95.12,99.16 3 0
github.com/v-starostin/go-metrics/internal/application/application.go:99.16,102.3 2 0
github.com/v-starostin/go-metrics/internal/application/application.go:104.2,106.27 3 0
github.com/v-starostin/go-metrics/internal/application/application.go:106.27,108.17 2 0
github.com/v-starostin/go-metrics/internal/application/application.go:108.17,111.4 2 0
github.com/v-starostin/go-metrics/internal/application/application.go:112.3,113.44 2 0
github.com/v-starostin/go-metrics/internal/application/application.go:114.8,116.3 1 0
github.com/v-starostin/go-metrics/internal/application/application.go:118.2,124.18 5 0
github.com/v-starostin/go-metrics/internal/application/application.go:124.18,125.45 1 0
github.com/v-starostin/go-metrics/internal/application/application.go:125.45,127.4 1 0
github.com/v-starostin/go-metrics/internal/application/application.go:128.3,128.59 1 0
github.com/v-starostin/go-metrics/internal/application/application.go:131.2,134.28 3 0
github.com/v-starostin/go-metrics/internal/application/application.go:134.28,137.13 2 0
github.com/v-starostin/go-metrics/internal/application/application.go:137.13,139.8 1 0
github.com/v-starostin/go-metrics/internal/application/application.go:139.8,140.12 1 0
github.com/v-starostin/go-metrics/internal/application/application.go:141.21,142.44 1 0
github.com/v-starostin/go-metrics/internal/application/application.go:142.44,144.7 1 0
github.com/v-starostin/go-metrics/internal/application/application.go:145.23,147.16 2 0
github.com/v-starostin/go-metrics/internal/application/application.go:153.2,159.11 5 0
github.com/v-starostin/go-metrics/internal/application/application.go:162.53,164.88 2 0
github.com/v-starostin/go-metrics/internal/application/application.go:164.88,167.3 2 0
github.com/v-starostin/go-metrics/internal/application/application.go:170.107,176.16 4 0
github.com/v-starostin/go-metrics/internal/application/application.go:176.16,177.41 1 0
github.com/v-starostin/go-metrics/internal/application/application.go:177.41,179.4 1 0
github.com/v-starostin/go-metrics/internal/application/application.go:182.2,186.16 4 0
github.com/v-starostin/go-metrics/internal/application/application.go:186.16,189.3 2 0
github.com/v-starostin/go-metrics/internal/application/application.go:191.2,191.50 1 0
github.com/v-starostin/go-metrics/internal/config/config.go:21.33,25.43 3 0
github.com/v-starostin/go-metrics/internal/config/config.go:25.43,27.3 1 0
github.com/v-starostin/go-metrics/internal/config/config.go:29.2,29.32 1 0
github.com/v-starostin/go-metrics/internal/config/config.go:29.32,31.3 1 0
github.com/v-starostin/go-metrics/internal/config/config.go:32.2,32.32 1 0
github.com/v-starostin/go-metrics/internal/config/config.go:32.32,34.3 1 0
github.com/v-starostin/go-metrics/internal/config/config.go:35.2,35.30 1 0
github.com/v-starostin/go-metrics/internal/config/config.go:35.30,37.3 1 0
github.com/v-starostin/go-metrics/internal/config/config.go:38.2,38.22 1 0
github.com/v-starostin/go-metrics/internal/config/config.go:38.22,40.3 1 0
github.com/v-starostin/go-metrics/internal/config/config.go:41.2,41.27 1 0
github.com/v-starostin/go-metrics/internal/config/config.go:41.27,43.3 1 0
github.com/v-starostin/go-metrics/internal/config/config.go:45.2,45.20 1 0
github.com/v-starostin/go-metrics/internal/config/config.go:48.34,52.43 3 0
github.com/v-starostin/go-metrics/internal/config/config.go:52.43,54.3 1 0
github.com/v-starostin/go-metrics/internal/config/config.go:56.2,56.32 1 0
github.com/v-starostin/go-metrics/internal/config/config.go:56.32,58.3 1 0
github.com/v-starostin/go-metrics/internal/config/config.go:59.2,59.27 1 0
github.com/v-starostin/go-metrics/internal/config/config.go:59.27,61.3 1 0
github.com/v-starostin/go-metrics/internal/config/config.go:62.2,62.33 1 0
github.com/v-starostin/go-metrics/internal/config/config.go:62.33,64.3 1 0
github.com/v-starostin/go-metrics/internal/config/config.go:65.2,65.34 1 0
github.com/v-starostin/go-metrics/internal/config/config.go:65.34,67.3 1 0
github.com/v-starostin/go-metrics/internal/config/config.go:68.2,68.30 1 0
github.com/v-starostin/go-metrics/internal/config/config.go:68.30,70.3 1 0
github.com/v-starostin/go-metrics/internal/config/config.go:71.2,71.22 1 0
github.com/v-starostin/go-metrics/internal/config/config.go:71.22,73.3 1 0
github.com/v-starostin/go-metrics/internal/config/config.go:74.2,74.27 1 0
github.com/v-starostin/go-metrics/internal/config/config.go:74.27,76.3 1 0
github.com/v-starostin/go-metrics/internal/config/config.go:78.2,78.30 1 0
github.com/v-starostin/go-metrics/internal/config/config.go:78.30,82.3 3 0
github.com/v-starostin/go-metrics/internal/config/config.go:84.2,84.20 1 0
github.com/v-starostin/go-metrics/internal/config/config.go:87.31,102.2 7 0
github.com/v-starostin/go-metrics/internal/config/config.go:104.32,121.2 8 0
github.com/v-starostin/go-metrics/internal/handler/file.go:7.32,7.51 1 1
github.com/v-starostin/go-metrics/internal/handler/file.go:9.36,11.2 1 1
github.com/v-starostin/go-metrics/internal/handler/file.go:13.40,15.2 1 1
github.com/v-starostin/go-metrics/internal/handler/get_metric_handler.go:29.62,34.2 1 1
github.com/v-starostin/go-metrics/internal/handler/get_metric_handler.go:36.71,41.16 4 1
github.com/v-starostin/go-metrics/internal/handler/get_metric_handler.go:41.16,44.3 2 1
github.com/v-starostin/go-metrics/internal/handler/get_metric_handler.go:45.2,47.17 2 1
github.com/v-starostin/go-metrics/internal/handler/get_metric_handler.go:47.17,49.3 1 0
github.com/v-starostin/go-metrics/internal/handler/get_metric_handler.go:51.2,51.15 1 1
github.com/v-starostin/go-metrics/internal/handler/get_metric_handler.go:52.25,53.49 1 1
github.com/v-starostin/go-metrics/internal/handler/get_metric_handler.go:54.27,55.49 1 1
github.com/v-starostin/go-metrics/internal/handler/get_metric_v2_handler.go:18.64,23.2 1 1
github.com/v-starostin/go-metrics/internal/handler/get_metric_v2_handler.go:25.73,29.61 3 1
github.com/v-starostin/go-metrics/internal/handler/get_metric_v2_handler.go:29.61,33.3 3 1
github.com/v-starostin/go-metrics/internal/handler/get_metric_v2_handler.go:34.2,37.16 3 1
github.com/v-starostin/go-metrics/internal/handler/get_metric_v2_handler.go:37.16,41.3 3 1
github.com/v-starostin/go-metrics/internal/handler/get_metric_v2_handler.go:43.2,43.17 1 1
github.com/v-starostin/go-metrics/internal/handler/get_metric_v2_handler.go:43.17,45.3 1 0
github.com/v-starostin/go-metrics/internal/handler/get_metric_v2_handler.go:47.2,47.38 1 1
github.com/v-starostin/go-metrics/internal/handler/get_metrics_handler.go:19.64,24.2 1 1
github.com/v-starostin/go-metrics/internal/handler/get_metrics_handler.go:26.72,28.16 2 1
github.com/v-starostin/go-metrics/internal/handler/get_metrics_handler.go:28.16,31.3 2 1
github.com/v-starostin/go-metrics/internal/handler/get_metrics_handler.go:32.2,35.16 3 1
github.com/v-starostin/go-metrics/internal/handler/get_metrics_handler.go:35.16,38.3 2 0
github.com/v-starostin/go-metrics/internal/handler/get_metrics_handler.go:39.2,40.52 2 1
github.com/v-starostin/go-metrics/internal/handler/get_metrics_handler.go:40.52,43.3 2 0
github.com/v-starostin/go-metrics/internal/handler/get_metrics_handler.go:45.2,45.17 1 1
github.com/v-starostin/go-metrics/internal/handler/get_metrics_handler.go:45.17,47.3 1 0
github.com/v-starostin/go-metrics/internal/handler/get_metrics_handler.go:49.2,51.22 3 1
github.com/v-starostin/go-metrics/internal/handler/middleware.go:24.73,31.2 2 0
github.com/v-starostin/go-metrics/internal/handler/middleware.go:37.90,43.2 1 0
github.com/v-starostin/go-metrics/internal/handler/middleware.go:45.47,50.2 1 0
github.com/v-starostin/go-metrics/internal/handler/middleware.go:52.73,55.46 2 1
github.com/v-starostin/go-metrics/internal/handler/middleware.go:55.46,56.72 1 1
github.com/v-starostin/go-metrics/internal/handler/middleware.go:56.72,58.49 2 1
github.com/v-starostin/go-metrics/internal/handler/middleware.go:58.49,61.5 2 1
github.com/v-starostin/go-metrics/internal/handler/middleware.go:63.4,63.43 1 1
github.com/v-starostin/go-metrics/internal/handler/middleware.go:63.43,65.5 1 0
github.com/v-starostin/go-metrics/internal/handler/middleware.go:66.4,69.24 3 1
github.com/v-starostin/go-metrics/internal/handler/middleware.go:74.65,75.46 1 1
github.com/v-starostin/go-metrics/internal/handler/middleware.go:75.46,76.72 1 1
github.com/v-starostin/go-metrics/internal/handler/middleware.go:76.72,78.24 2 1
github.com/v-starostin/go-metrics/internal/handler/middleware.go:78.24,81.5 2 1
github.com/v-starostin/go-metrics/internal/handler/middleware.go:82.4,84.18 3 1
github.com/v-starostin/go-metrics/internal/handler/middleware.go:84.18,87.5 2 0
github.com/v-starostin/go-metrics/internal/handler/middleware.go:88.4,88.40 1 1
github.com/v-starostin/go-metrics/internal/handler/middleware.go:88.40,91.5 2 0
github.com/v-starostin/go-metrics/internal/handler/middleware.go:92.4,94.18 3 1
github.com/v-starostin/go-metrics/internal/handler/middleware.go:94.18,97.5 2 0
github.com/v-starostin/go-metrics/internal/handler/middleware.go:98.4,98.26 1 1
github.com/v-starostin/go-metrics/internal/handler/middleware.go:98.26,101.5 2 1
github.com/v-starostin/go-metrics/internal/handler/middleware.go:102.4,103.24 2 1
github.com/v-starostin/go-metrics/internal/handler/ping_storage.go:14.66,19.2 1 0
github.com/v-starostin/go-metrics/internal/handler/ping_storage.go:21.73,22.48 1 0
github.com/v-starostin/go-metrics/internal/handler/ping_storage.go:22.48,26.3 3 0
github.com/v-starostin/go-metrics/internal/handler/ping_storage.go:27.2,27.30 1 0
github.com/v-starostin/go-metrics/internal/handler/post_metric_handler.go:21.64,26.2 1 1
github.com/v-starostin/go-metrics/internal/handler/post_metric_handler.go:28.72,33.64 4 1
github.com/v-starostin/go-metrics/internal/handler/post_metric_handler.go:33.64,36.3 2 1
github.com/v-starostin/go-metrics/internal/handler/post_metric_handler.go:38.2,40.15 2 1
github.com/v-starostin/go-metrics/internal/handler/post_metric_handler.go:41.27,43.17 2 0
github.com/v-starostin/go-metrics/internal/handler/post_metric_handler.go:43.17,46.4 2 0
github.com/v-starostin/go-metrics/internal/handler/post_metric_handler.go:47.3,51.4 1 0
github.com/v-starostin/go-metrics/internal/handler/post_metric_handler.go:52.25,54.17 2 1
github.com/v-starostin/go-metrics/internal/handler/post_metric_handler.go:54.17,57.4 2 0
github.com/v-starostin/go-metrics/internal/handler/post_metric_handler.go:58.3,62.4 1 1
github.com/v-starostin/go-metrics/internal/handler/post_metric_handler.go:65.2,65.48 1 1
github.com/v-starostin/go-metrics/internal/handler/post_metric_handler.go:65.48,66.45 1 1
github.com/v-starostin/go-metrics/internal/handler/post_metric_handler.go:66.45,69.4 2 1
github.com/v-starostin/go-metrics/internal/handler/post_metric_handler.go:70.3,71.9 2 1
github.com/v-starostin/go-metrics/internal/handler/post_metric_handler.go:74.2,74.132 1 1
github.com/v-starostin/go-metrics/internal/handler/post_metric_v2_handler.go:17.68,22.2 1 1
github.com/v-starostin/go-metrics/internal/handler/post_metric_v2_handler.go:24.74,28.61 3 1
github.com/v-starostin/go-metrics/internal/handler/post_metric_v2_handler.go:28.61,32.3 3 1
github.com/v-starostin/go-metrics/internal/handler/post_metric_v2_handler.go:33.2,35.50 2 1
github.com/v-starostin/go-metrics/internal/handler/post_metric_v2_handler.go:35.50,39.3 3 1
github.com/v-starostin/go-metrics/internal/handler/post_metric_v2_handler.go:41.2,41.38 1 1
github.com/v-starostin/go-metrics/internal/handler/post_metrics.go:17.66,22.2 1 0
github.com/v-starostin/go-metrics/internal/handler/post_metrics.go:24.73,26.61 2 0
github.com/v-starostin/go-metrics/internal/handler/post_metrics.go:26.61,30.3 3 0
github.com/v-starostin/go-metrics/internal/handler/post_metrics.go:31.2,33.51 2 0
github.com/v-starostin/go-metrics/internal/handler/post_metrics.go:33.51,37.3 3 0
github.com/v-starostin/go-metrics/internal/handler/post_metrics.go:39.2,39.38 1 0
github.com/v-starostin/go-metrics/internal/handler/response.go:8.60,11.16 3 1
github.com/v-starostin/go-metrics/internal/handler/response.go:11.16,15.3 3 0
github.com/v-starostin/go-metrics/internal/handler/response.go:16.2,17.12 2 1
github.com/v-starostin/go-metrics/internal/handler/sign.go:10.37,12.16 2 1
github.com/v-starostin/go-metrics/internal/handler/sign.go:12.16,14.3 1 1
github.com/v-starostin/go-metrics/internal/handler/sign.go:15.2,18.30 4 1
github.com/v-starostin/go-metrics/internal/mock/http_client.go:17.69,20.19 2 0
github.com/v-starostin/go-metrics/internal/mock/http_client.go:20.19,21.44 1 0
github.com/v-starostin/go-metrics/internal/mock/http_client.go:24.2,26.76 3 0
github.com/v-starostin/go-metrics/internal/mock/http_client.go:26.76,28.3 1 0
github.com/v-starostin/go-metrics/internal/mock/http_client.go:29.2,29.67 1 0
github.com/v-starostin/go-metrics/internal/mock/http_client.go:29.67,31.3 1 0
github.com/v-starostin/go-metrics/internal/mock/http_client.go:31.8,32.24 1 0
github.com/v-starostin/go-metrics/internal/mock/http_client.go:32.24,34.4 1 0
github.com/v-starostin/go-metrics/internal/mock/http_client.go:37.2,37.58 1 0
github.com/v-starostin/go-metrics/internal/mock/http_client.go:37.58,39.3 1 0
github.com/v-starostin/go-metrics/internal/mock/http_client.go:39.8,41.3 1 0
github.com/v-starostin/go-metrics/internal/mock/http_client.go:43.2,43.15 1 0
github.com/v-starostin/go-metrics/internal/mock/http_client.go:51.16,55.19 3 0
github.com/v-starostin/go-metrics/internal/mock/http_client.go:55.19,55.49 1 0
github.com/v-starostin/go-metrics/internal/mock/http_client.go:57.2,57.13 1 0
github.com/v-starostin/go-metrics/internal/mock/repository.go:16.79,19.19 2 0
github.com/v-starostin/go-metrics/internal/mock/repository.go:19.19,20.46 1 0
github.com/v-starostin/go-metrics/internal/mock/repository.go:23.2,25.76 3 0
github.com/v-starostin/go-metrics/internal/mock/repository.go:25.76,27.3 1 0
github.com/v-starostin/go-metrics/internal/mock/repository.go:28.2,28.67 1 0
github.com/v-starostin/go-metrics/internal/mock/repository.go:28.67,30.3 1 0
github.com/v-starostin/go-metrics/internal/mock/repository.go:30.8,31.24 1 0
github.com/v-starostin/go-metrics/internal/mock/repository.go:31.24,33.4 1 0
github.com/v-starostin/go-metrics/internal/mock/repository.go:36.2,36.59 1 0
github.com/v-starostin/go-metrics/internal/mock/repository.go:36.59,38.3 1 0
github.com/v-starostin/go-metrics/internal/mock/repository.go:38.8,40.3 1 0
github.com/v-starostin/go-metrics/internal/mock/repository.go:42.2,42.15 1 0
github.com/v-starostin/go-metrics/internal/mock/repository.go:46.53,49.19 2 0
github.com/v-starostin/go-metrics/internal/mock/repository.go:49.19,50.49 1 0
github.com/v-starostin/go-metrics/internal/mock/repository.go:53.2,55.59 3 0
github.com/v-starostin/go-metrics/internal/mock/repository.go:55.59,57.3 1 0
github.com/v-starostin/go-metrics/internal/mock/repository.go:58.2,58.50 1 0
github.com/v-starostin/go-metrics/internal/mock/repository.go:58.50,60.3 1 0
github.com/v-starostin/go-metrics/internal/mock/repository.go:60.8,61.24 1 0
github.com/v-starostin/go-metrics/internal/mock/repository.go:61.24,63.4 1 0
github.com/v-starostin/go-metrics/internal/mock/repository.go:66.2,66.45 1 0
github.com/v-starostin/go-metrics/internal/mock/repository.go:66.45,68.3 1 0
github.com/v-starostin/go-metrics/internal/mock/repository.go:68.8,70.3 1 0
github.com/v-starostin/go-metrics/internal/mock/repository.go:72.2,72.15 1 0
github.com/v-starostin/go-metrics/internal/mock/repository.go:76.43,79.19 2 0
github.com/v-starostin/go-metrics/internal/mock/repository.go:79.19,80.53 1 0
github.com/v-starostin/go-metrics/internal/mock/repository.go:83.2,84.45 2 0
github.com/v-starostin/go-metrics/internal/mock/repository.go:84.45,86.3 1 0
github.com/v-starostin/go-metrics/internal/mock/repository.go:86.8,88.3 1 0
github.com/v-starostin/go-metrics/internal/mock/repository.go:90.2,90.11 1 0
github.com/v-starostin/go-metrics/internal/mock/repository.go:94.47,97.19 2 0
github.com/v-starostin/go-metrics/internal/mock/repository.go:97.19,98.57 1 0
github.com/v-starostin/go-metrics/internal/mock/repository.go:101.2,102.45 2 0
github.com/v-starostin/go-metrics/internal/mock/repository.go:102.45,104.3 1 0
github.com/v-starostin/go-metrics/internal/mock/repository.go:104.8,106.3 1 0
github.com/v-starostin/go-metrics/internal/mock/repository.go:108.2,108.11 1 0
github.com/v-starostin/go-metrics/internal/mock/repository.go:112.57,115.19 2 0
github.com/v-starostin/go-metrics/internal/mock/repository.go:115.19,116.53 1 0
github.com/v-starostin/go-metrics/internal/mock/repository.go:119.2,120.57 2 0
github.com/v-starostin/go-metrics/internal/mock/repository.go:120.57,122.3 1 0
github.com/v-starostin/go-metrics/internal/mock/repository.go:122.8,124.3 1 0
github.com/v-starostin/go-metrics/internal/mock/repository.go:126.2,126.11 1 0
github.com/v-starostin/go-metrics/internal/mock/repository.go:130.60,133.19 2 0
github.com/v-starostin/go-metrics/internal/mock/repository.go:133.19,134.54 1 0
github.com/v-starostin/go-metrics/internal/mock/repository.go:137.2,138.59 2 0
github.com/v-starostin/go-metrics/internal/mock/repository.go:138.59,140.3 1 0
github.com/v-starostin/go-metrics/internal/mock/repository.go:140.8,142.3 1 0
github.com/v-starostin/go-metrics/internal/mock/repository.go:144.2,144.11 1 0
github.com/v-starostin/go-metrics/internal/mock/repository.go:148.43,151.19 2 0
github.com/v-starostin/go-metrics/internal/mock/repository.go:151.19,152.53 1 0
github.com/v-starostin/go-metrics/internal/mock/repository.go:155.2,156.45 2 0
github.com/v-starostin/go-metrics/internal/mock/repository.go:156.45,158.3 1 0
github.com/v-starostin/go-metrics/internal/mock/repository.go:158.8,160.3 1 0
github.com/v-starostin/go-metrics/internal/mock/repository.go:162.2,162.11 1 0
github.com/v-starostin/go-metrics/internal/mock/repository.go:170.16,174.19 3 0
github.com/v-starostin/go-metrics/internal/mock/repository.go:174.19,174.49 1 0
github.com/v-starostin/go-metrics/internal/mock/repository.go:176.2,176.13 1 0
github.com/v-starostin/go-metrics/internal/mock/service.go:16.81,19.19 2 1
github.com/v-starostin/go-metrics/internal/mock/service.go:19.19,20.51 1 0
github.com/v-starostin/go-metrics/internal/mock/service.go:23.2,25.76 3 1
github.com/v-starostin/go-metrics/internal/mock/service.go:25.76,27.3 1 0
github.com/v-starostin/go-metrics/internal/mock/service.go:28.2,28.67 1 1
github.com/v-starostin/go-metrics/internal/mock/service.go:28.67,30.3 1 0
github.com/v-starostin/go-metrics/internal/mock/service.go:30.8,31.24 1 1
github.com/v-starostin/go-metrics/internal/mock/service.go:31.24,33.4 1 1
github.com/v-starostin/go-metrics/internal/mock/service.go:36.2,36.59 1 1
github.com/v-starostin/go-metrics/internal/mock/service.go:36.59,38.3 1 0
github.com/v-starostin/go-metrics/internal/mock/service.go:38.8,40.3 1 1
github.com/v-starostin/go-metrics/internal/mock/service.go:42.2,42.15 1 1
github.com/v-starostin/go-metrics/internal/mock/service.go:46.53,49.19 2 1
github.com/v-starostin/go-metrics/internal/mock/service.go:49.19,50.52 1 0
github.com/v-starostin/go-metrics/internal/mock/service.go:53.2,55.59 3 1
github.com/v-starostin/go-metrics/internal/mock/service.go:55.59,57.3 1 0
github.com/v-starostin/go-metrics/internal/mock/service.go:58.2,58.50 1 1
github.com/v-starostin/go-metrics/internal/mock/service.go:58.50,60.3 1 0
github.com/v-starostin/go-metrics/internal/mock/service.go:60.8,61.24 1 1
github.com/v-starostin/go-metrics/internal/mock/service.go:61.24,63.4 1 1
github.com/v-starostin/go-metrics/internal/mock/service.go:66.2,66.45 1 1
github.com/v-starostin/go-metrics/internal/mock/service.go:66.45,68.3 1 0
github.com/v-starostin/go-metrics/internal/mock/service.go:68.8,70.3 1 1
github.com/v-starostin/go-metrics/internal/mock/service.go:72.2,72.15 1 1
github.com/v-starostin/go-metrics/internal/mock/service.go:76.40,79.19 2 0
github.com/v-starostin/go-metrics/internal/mock/service.go:79.19,80.53 1 0
github.com/v-starostin/go-metrics/internal/mock/service.go:83.2,84.45 2 0
github.com/v-starostin/go-metrics/internal/mock/service.go:84.45,86.3 1 0
github.com/v-starostin/go-metrics/internal/mock/service.go:86.8,88.3 1 0
github.com/v-starostin/go-metrics/internal/mock/service.go:90.2,90.11 1 0
github.com/v-starostin/go-metrics/internal/mock/service.go:94.44,97.19 2 1
github.com/v-starostin/go-metrics/internal/mock/service.go:97.19,98.57 1 0
github.com/v-starostin/go-metrics/internal/mock/service.go:101.2,102.45 2 1
github.com/v-starostin/go-metrics/internal/mock/service.go:102.45,104.3 1 0
github.com/v-starostin/go-metrics/internal/mock/service.go:104.8,106.3 1 1
github.com/v-starostin/go-metrics/internal/mock/service.go:108.2,108.11 1 1
github.com/v-starostin/go-metrics/internal/mock/service.go:112.53,115.19 2 1
github.com/v-starostin/go-metrics/internal/mock/service.go:115.19,116.52 1 0
github.com/v-starostin/go-metrics/internal/mock/service.go:119.2,120.57 2 1
github.com/v-starostin/go-metrics/internal/mock/service.go:120.57,122.3 1 0
github.com/v-starostin/go-metrics/internal/mock/service.go:122.8,124.3 1 1
github.com/v-starostin/go-metrics/internal/mock/service.go:126.2,126.11 1 1
github.com/v-starostin/go-metrics/internal/mock/service.go:130.56,133.19 2 0
github.com/v-starostin/go-metrics/internal/mock/service.go:133.19,134.53 1 0
github.com/v-starostin/go-metrics/internal/mock/service.go:137.2,138.59 2 0
github.com/v-starostin/go-metrics/internal/mock/service.go:138.59,140.3 1 0
github.com/v-starostin/go-metrics/internal/mock/service.go:140.8,142.3 1 0
github.com/v-starostin/go-metrics/internal/mock/service.go:144.2,144.11 1 0
github.com/v-starostin/go-metrics/internal/mock/service.go:148.40,151.19 2 1
github.com/v-starostin/go-metrics/internal/mock/service.go:151.19,152.53 1 0
github.com/v-starostin/go-metrics/internal/mock/service.go:155.2,156.45 2 1
github.com/v-starostin/go-metrics/internal/mock/service.go:156.45,158.3 1 0
github.com/v-starostin/go-metrics/internal/mock/service.go:158.8,160.3 1 1
github.com/v-starostin/go-metrics/internal/mock/service.go:162.2,162.11 1 1
github.com/v-starostin/go-metrics/internal/mock/service.go:170.13,174.19 3 0
github.com/v-starostin/go-metrics/internal/mock/service.go:174.19,174.49 1 0
github.com/v-starostin/go-metrics/internal/mock/service.go:176.2,176.13 1 0
github.com/v-starostin/go-metrics/internal/repository/db.go:20.62,25.2 1 0
github.com/v-starostin/go-metrics/internal/repository/db.go:27.68,33.65 5 0
github.com/v-starostin/go-metrics/internal/repository/db.go:33.65,36.3 2 0
github.com/v-starostin/go-metrics/internal/repository/db.go:38.2,43.8 1 0
github.com/v-starostin/go-metrics/internal/repository/db.go:46.49,48.16 2 0
github.com/v-starostin/go-metrics/internal/repository/db.go:48.16,51.3 2 0
github.com/v-starostin/go-metrics/internal/repository/db.go:52.2,55.18 3 0
github.com/v-starostin/go-metrics/internal/repository/db.go:55.18,60.67 4 0
github.com/v-starostin/go-metrics/internal/repository/db.go:60.67,63.4 2 0
github.com/v-starostin/go-metrics/internal/repository/db.go:64.3,65.10 2 0
github.com/v-starostin/go-metrics/internal/repository/db.go:65.10,74.12 2 0
github.com/v-starostin/go-metrics/internal/repository/db.go:76.3,81.4 1 0
github.com/v-starostin/go-metrics/internal/repository/db.go:83.2,83.35 1 0
github.com/v-starostin/go-metrics/internal/repository/db.go:83.35,86.3 2 0
github.com/v-starostin/go-metrics/internal/repository/db.go:88.2,88.20 1 0
github.com/v-starostin/go-metrics/internal/repository/db.go:91.62,93.16 2 0
github.com/v-starostin/go-metrics/internal/repository/db.go:93.16,96.3 2 0
github.com/v-starostin/go-metrics/internal/repository/db.go:98.2,98.33 1 0
github.com/v-starostin/go-metrics/internal/repository/db.go:98.33,100.17 2 0
github.com/v-starostin/go-metrics/internal/repository/db.go:100.17,104.4 3 0
github.com/v-starostin/go-metrics/internal/repository/db.go:107.2,107.36 1 0
github.com/v-starostin/go-metrics/internal/repository/db.go:107.36,110.3 2 0
github.com/v-starostin/go-metrics/internal/repository/db.go:112.2,112.12 1 0
github.com/v-starostin/go-metrics/internal/repository/db.go:115.70,123.50 6 0
github.com/v-starostin/go-metrics/internal/repository/db.go:123.50,126.3 2 0
github.com/v-starostin/go-metrics/internal/repository/db.go:128.2,128.36 1 0
github.com/v-starostin/go-metrics/internal/repository/db.go:128.36,129.10 1 0
github.com/v-starostin/go-metrics/internal/repository/db.go:130.18,134.5 1 0
github.com/v-starostin/go-metrics/internal/repository/db.go:135.11,139.5 1 0
github.com/v-starostin/go-metrics/internal/repository/db.go:141.3,141.17 1 0
github.com/v-starostin/go-metrics/internal/repository/db.go:141.17,144.4 2 0
github.com/v-starostin/go-metrics/internal/repository/db.go:147.2,147.34 1 0
github.com/v-starostin/go-metrics/internal/repository/db.go:147.34,148.10 1 0
github.com/v-starostin/go-metrics/internal/repository/db.go:149.18,153.5 1 0
github.com/v-starostin/go-metrics/internal/repository/db.go:154.11,158.5 1 0
github.com/v-starostin/go-metrics/internal/repository/db.go:160.3,160.17 1 0
github.com/v-starostin/go-metrics/internal/repository/db.go:160.17,163.4 2 0
github.com/v-starostin/go-metrics/internal/repository/db.go:166.2,166.12 1 0
github.com/v-starostin/go-metrics/internal/repository/db.go:169.53,171.16 2 0
github.com/v-starostin/go-metrics/internal/repository/db.go:171.16,174.3 2 0
github.com/v-starostin/go-metrics/internal/repository/db.go:175.2,175.47 1 0
github.com/v-starostin/go-metrics/internal/repository/db.go:175.47,179.3 3 0
github.com/v-starostin/go-metrics/internal/repository/db.go:180.2,180.36 1 0
github.com/v-starostin/go-metrics/internal/repository/db.go:180.36,183.3 2 0
github.com/v-starostin/go-metrics/internal/repository/db.go:184.2,184.12 1 0
github.com/v-starostin/go-metrics/internal/repository/db.go:187.39,189.2 1 0
github.com/v-starostin/go-metrics/internal/repository/db.go:191.41,192.13 1 0
github.com/v-starostin/go-metrics/internal/repository/db.go:192.13,194.3 1 0
github.com/v-starostin/go-metrics/internal/repository/db.go:195.2,195.12 1 0
github.com/v-starostin/go-metrics/internal/repository/db.go:198.45,199.13 1 0
github.com/v-starostin/go-metrics/internal/repository/db.go:199.13,201.3 1 0
github.com/v-starostin/go-metrics/internal/repository/db.go:202.2,202.12 1 0
github.com/v-starostin/go-metrics/internal/repository/db.go:205.43,207.2 1 0
github.com/v-starostin/go-metrics/internal/repository/db.go:209.39,211.2 1 0
github.com/v-starostin/go-metrics/internal/repository/memstorage.go:24.83,31.2 1 0
github.com/v-starostin/go-metrics/internal/repository/memstorage.go:33.46,35.36 2 0
github.com/v-starostin/go-metrics/internal/repository/memstorage.go:35.36,37.3 1 0
github.com/v-starostin/go-metrics/internal/repository/memstorage.go:38.2,38.16 1 0
github.com/v-starostin/go-metrics/internal/repository/memstorage.go:38.16,40.3 1 0
github.com/v-starostin/go-metrics/internal/repository/memstorage.go:41.2,42.16 2 0
github.com/v-starostin/go-metrics/internal/repository/memstorage.go:42.16,44.3 1 0
github.com/v-starostin/go-metrics/internal/repository/memstorage.go:46.2,46.51 1 0
github.com/v-starostin/go-metrics/internal/repository/memstorage.go:46.51,48.3 1 0
github.com/v-starostin/go-metrics/internal/repository/memstorage.go:49.2,50.12 2 0
github.com/v-starostin/go-metrics/internal/repository/memstorage.go:53.42,55.16 2 0
github.com/v-starostin/go-metrics/internal/repository/memstorage.go:55.16,57.3 1 0
github.com/v-starostin/go-metrics/internal/repository/memstorage.go:58.2,62.16 4 0
github.com/v-starostin/go-metrics/internal/repository/memstorage.go:62.16,64.3 1 0
github.com/v-starostin/go-metrics/internal/repository/memstorage.go:65.2,68.16 3 0
github.com/v-starostin/go-metrics/internal/repository/memstorage.go:68.16,70.3 1 0
github.com/v-starostin/go-metrics/internal/repository/memstorage.go:71.2,72.12 2 0
github.com/v-starostin/go-metrics/internal/repository/memstorage.go:75.52,79.2 3 0
github.com/v-starostin/go-metrics/internal/repository/memstorage.go:81.71,86.9 4 0
github.com/v-starostin/go-metrics/internal/repository/memstorage.go:86.9,88.3 1 0
github.com/v-starostin/go-metrics/internal/repository/memstorage.go:90.2,91.9 2 0
github.com/v-starostin/go-metrics/internal/repository/memstorage.go:91.9,93.3 1 0
github.com/v-starostin/go-metrics/internal/repository/memstorage.go:95.2,95.21 1 0
github.com/v-starostin/go-metrics/internal/repository/memstorage.go:98.56,102.21 3 0
github.com/v-starostin/go-metrics/internal/repository/memstorage.go:102.21,103.16 1 0
github.com/v-starostin/go-metrics/internal/repository/memstorage.go:103.16,104.42 1 0
github.com/v-starostin/go-metrics/internal/repository/memstorage.go:104.42,106.5 1 0
github.com/v-starostin/go-metrics/internal/repository/memstorage.go:110.2,111.9 2 0
github.com/v-starostin/go-metrics/internal/repository/memstorage.go:111.9,116.3 2 0
github.com/v-starostin/go-metrics/internal/repository/memstorage.go:118.2,118.17 1 0
github.com/v-starostin/go-metrics/internal/repository/memstorage.go:119.25,120.73 1 0
github.com/v-starostin/go-metrics/internal/repository/memstorage.go:121.27,123.10 2 0
github.com/v-starostin/go-metrics/internal/repository/memstorage.go:123.10,126.4 2 0
github.com/v-starostin/go-metrics/internal/repository/memstorage.go:127.3,128.78 2 0
github.com/v-starostin/go-metrics/internal/repository/memstorage.go:130.2,132.12 2 0
github.com/v-starostin/go-metrics/internal/repository/memstorage.go:135.65,137.33 2 0
github.com/v-starostin/go-metrics/internal/repository/memstorage.go:137.33,139.17 2 0
github.com/v-starostin/go-metrics/internal/repository/memstorage.go:139.17,141.4 1 0
github.com/v-starostin/go-metrics/internal/repository/memstorage.go:143.2,143.12 1 0
github.com/v-starostin/go-metrics/internal/repository/memstorage.go:146.42,148.2 1 0
github.com/v-starostin/go-metrics/internal/service/service.go:42.55,47.2 1 0
github.com/v-starostin/go-metrics/internal/service/service.go:49.73,52.41 3 0
github.com/v-starostin/go-metrics/internal/service/service.go:52.41,54.17 2 0
github.com/v-starostin/go-metrics/internal/service/service.go:54.17,56.4 1 0
github.com/v-starostin/go-metrics/internal/service/service.go:57.3,57.13 1 0
github.com/v-starostin/go-metrics/internal/service/service.go:59.2,59.16 1 0
github.com/v-starostin/go-metrics/internal/service/service.go:59.16,61.3 1 0
github.com/v-starostin/go-metrics/internal/service/service.go:63.2,63.15 1 0
github.com/v-starostin/go-metrics/internal/service/service.go:66.52,69.41 3 0
github.com/v-starostin/go-metrics/internal/service/service.go:69.41,71.17 2 0
github.com/v-starostin/go-metrics/internal/service/service.go:71.17,73.4 1 0
github.com/v-starostin/go-metrics/internal/service/service.go:74.3,74.13 1 0
github.com/v-starostin/go-metrics/internal/service/service.go:76.2,76.16 1 0
github.com/v-starostin/go-metrics/internal/service/service.go:76.16,78.3 1 0
github.com/v-starostin/go-metrics/internal/service/service.go:79.2,79.15 1 0
github.com/v-starostin/go-metrics/internal/service/service.go:82.52,88.42 2 0
github.com/v-starostin/go-metrics/internal/service/service.go:88.42,89.47 1 0
github.com/v-starostin/go-metrics/internal/service/service.go:89.47,91.4 1 0
github.com/v-starostin/go-metrics/internal/service/service.go:92.3,92.13 1 0
github.com/v-starostin/go-metrics/internal/service/service.go:94.2,94.16 1 0
github.com/v-starostin/go-metrics/internal/service/service.go:94.16,96.3 1 0
github.com/v-starostin/go-metrics/internal/service/service.go:97.2,98.12 2 0
github.com/v-starostin/go-metrics/internal/service/service.go:101.55,102.42 1 0
github.com/v-starostin/go-metrics/internal/service/service.go:102.42,103.48 1 0
github.com/v-starostin/go-metrics/internal/service/service.go:103.48,105.4 1 0
github.com/v-starostin/go-metrics/internal/service/service.go:106.3,106.13 1 0
github.com/v-starostin/go-metrics/internal/service/service.go:108.2,108.16 1 0
github.com/v-starostin/go-metrics/internal/service/service.go:108.16,110.3 1 0
github.com/v-starostin/go-metrics/internal/service/service.go:111.2,112.12 2 0
github.com/v-starostin/go-metrics/internal/service/service.go:115.39,117.2 1 0
github.com/v-starostin/go-metrics/internal/service/service.go:119.39,121.2 1 0
github.com/v-starostin/go-metrics/internal/service/service.go:123.43,125.2 1 0
github.com/v-starostin/go-metrics/internal/service/service.go:127.92,130.16 3 0
github.com/v-starostin/go-metrics/internal/service/service.go:130.16,132.3 1 0
github.com/v-starostin/go-metrics/internal/service/service.go:133.2,133.34 1 0
github.com/v-starostin/go-metrics/internal/service/service.go:133.34,136.29 3 0
github.com/v-starostin/go-metrics/internal/service/service.go:136.29,138.4 1 0
github.com/v-starostin/go-metrics/internal/service/service.go:140.2,141.12 2 0
github.com/v-starostin/go-metrics/cmd/agent/main.go:18.13,22.16 3 0
github.com/v-starostin/go-metrics/cmd/agent/main.go:22.16,25.3 2 0
github.com/v-starostin/go-metrics/cmd/agent/main.go:26.2,44.37 9 0
github.com/v-starostin/go-metrics/cmd/agent/main.go:44.37,45.54 1 0
github.com/v-starostin/go-metrics/cmd/agent/main.go:45.54,47.4 1 0
github.com/v-starostin/go-metrics/cmd/agent/main.go:50.2,51.50 2 0
github.com/v-starostin/go-metrics/cmd/server/main.go:5.13,7.2 1 0
github.com/v-starostin/go-metrics/internal/agent/agent.go:43.81,55.2 3 1
github.com/v-starostin/go-metrics/internal/agent/agent.go:57.92,58.6 1 1
github.com/v-starostin/go-metrics/internal/agent/agent.go:58.6,60.10 2 1
github.com/v-starostin/go-metrics/internal/agent/agent.go:60.10,62.4 1 1
github.com/v-starostin/go-metrics/internal/agent/agent.go:62.9,64.18 2 1
github.com/v-starostin/go-metrics/internal/agent/agent.go:64.18,67.5 2 0
github.com/v-starostin/go-metrics/internal/agent/agent.go:68.4,73.18 5 1
github.com/v-starostin/go-metrics/internal/agent/agent.go:73.18,76.5 2 0
github.com/v-starostin/go-metrics/internal/agent/agent.go:77.4,86.18 4 1
github.com/v-starostin/go-metrics/internal/agent/agent.go:86.18,89.5 2 0
github.com/v-starostin/go-metrics/internal/agent/agent.go:90.4,90.19 1 1
github.com/v-starostin/go-metrics/internal/agent/agent.go:90.19,93.52 3 1
github.com/v-starostin/go-metrics/internal/agent/agent.go:93.52,95.6 1 0
github.com/v-starostin/go-metrics/internal/agent/agent.go:96.5,98.56 3 1
github.com/v-starostin/go-metrics/internal/agent/agent.go:100.4,104.18 4 1
github.com/v-starostin/go-metrics/internal/agent/agent.go:104.18,107.5 2 1
github.com/v-starostin/go-metrics/internal/agent/agent.go:108.4,109.60 2 1
github.com/v-starostin/go-metrics/internal/agent/agent.go:114.84,117.6 2 1
github.com/v-starostin/go-metrics/internal/agent/agent.go:117.6,118.10 1 1
github.com/v-starostin/go-metrics/internal/agent/agent.go:119.14,126.50 6 1
github.com/v-starostin/go-metrics/internal/agent/agent.go:126.50,128.12 2 1
github.com/v-starostin/go-metrics/internal/agent/agent.go:128.12,130.6 1 0
github.com/v-starostin/go-metrics/internal/agent/agent.go:131.5,132.97 2 1
github.com/v-starostin/go-metrics/internal/agent/agent.go:135.4,137.78 3 1
github.com/v-starostin/go-metrics/internal/agent/agent.go:138.21,140.10 2 1
github.com/v-starostin/go-metrics/internal/agent/agent.go:145.85,148.6 2 1
github.com/v-starostin/go-metrics/internal/agent/agent.go:148.6,149.10 1 1
github.com/v-starostin/go-metrics/internal/agent/agent.go:150.14,152.18 2 1
github.com/v-starostin/go-metrics/internal/agent/agent.go:152.18,154.5 1 0
github.com/v-starostin/go-metrics/internal/agent/agent.go:155.4,157.131 3 1
github.com/v-starostin/go-metrics/internal/agent/agent.go:158.21,160.10 2 1
github.com/v-starostin/go-metrics/internal/agent/agent.go:165.104,171.12 5 0
github.com/v-starostin/go-metrics/internal/agent/agent.go:171.12,173.7 2 0
github.com/v-starostin/go-metrics/internal/agent/agent.go:173.7,174.11 1 0
github.com/v-starostin/go-metrics/internal/agent/agent.go:175.15,176.20 1 0
github.com/v-starostin/go-metrics/internal/agent/agent.go:177.22,179.11 2 0
github.com/v-starostin/go-metrics/internal/agent/agent.go:184.2,184.12 1 0
github.com/v-starostin/go-metrics/internal/agent/agent.go:184.12,187.3 2 0
github.com/v-starostin/go-metrics/internal/agent/agent.go:189.2,189.11 1 0
github.com/v-starostin/go-metrics/internal/agent/agent.go:192.130,195.16 3 1
github.com/v-starostin/go-metrics/internal/agent/agent.go:195.16,197.3 1 1
github.com/v-starostin/go-metrics/internal/agent/agent.go:198.2,198.9 1 1
github.com/v-starostin/go-metrics/internal/agent/agent.go:199.20,200.19 1 1
github.com/v-starostin/go-metrics/internal/agent/agent.go:201.10,201.10 0 1
github.com/v-starostin/go-metrics/internal/agent/agent.go:204.2,204.34 1 1
github.com/v-starostin/go-metrics/internal/agent/agent.go:204.34,208.10 3 1
github.com/v-starostin/go-metrics/internal/agent/agent.go:209.14,210.33 1 1
github.com/v-starostin/go-metrics/internal/agent/agent.go:210.33,212.5 1 1
github.com/v-starostin/go-metrics/internal/agent/agent.go:213.21,214.20 1 1
github.com/v-starostin/go-metrics/internal/agent/agent.go:218.2,219.12 2 1
github.com/v-starostin/go-metrics/internal/application/application.go:34.56,39.2 1 0
github.com/v-starostin/go-metrics/internal/application/application.go:40.68,50.34 9 0
github.com/v-starostin/go-metrics/internal/application/application.go:50.34,63.3 12 0
github.com/v-starostin/go-metrics/internal/application/application.go:65.2,65.19 1 0
github.com/v-starostin/go-metrics/internal/application/application.go:68.53,70.16 2 0
github.com/v-starostin/go-metrics/internal/application/application.go:70.16,72.3 1 0
github.com/v-starostin/go-metrics/internal/application/application.go:74.2,74.34 1 0
github.com/v-starostin/go-metrics/internal/application/application.go:74.34,76.3 1 0
github.com/v-starostin/go-metrics/internal/application/application.go:78.2,79.16 2 0
github.com/v-starostin/go-metrics/internal/application/application.go:79.16,81.3 1 0
github.com/v-starostin/go-metrics/internal/application/application.go:83.2,84.16 2 0
github.com/v-starostin/go-metrics/internal/application/application.go:84.16,86.3 1 0
github.com/v-starostin/go-metrics/internal/application/application.go:88.2,88.71 1 0
github.com/v-starostin/go-metrics/internal/application/application.go:88.71,90.3 1 0
github.com/v-starostin/go-metrics/internal/application/application.go:92.2,92.16 1 0
github.com/v-starostin/go-metrics/internal/application/application.go:95.12,99.16 3 0
github.com/v-starostin/go-metrics/internal/application/application.go:99.16,102.3 2 0
github.com/v-starostin/go-metrics/internal/application/application.go:104.2,106.27 3 0
github.com/v-starostin/go-metrics/internal/application/application.go:106.27,108.17 2 0
github.com/v-starostin/go-metrics/internal/application/application.go:108.17,111.4 2 0
github.com/v-starostin/go-metrics/internal/application/application.go:112.3,113.44 2 0
github.com/v-starostin/go-metrics/internal/application/application.go:114.8,116.3 1 0
github.com/v-starostin/go-metrics/internal/application/application.go:118.2,124.18 5 0
github.com/v-starostin/go-metrics/internal/application/application.go:124.18,125.45 1 0
github.com/v-starostin/go-metrics/internal/application/application.go:125.45,127.4 1 0
github.com/v-starostin/go-metrics/internal/application/application.go:128.3,128.59 1 0
github.com/v-starostin/go-metrics/internal/application/application.go:131.2,134.28 3 0
github.com/v-starostin/go-metrics/internal/application/application.go:134.28,137.13 2 0
github.com/v-starostin/go-metrics/internal/application/application.go:137.13,139.8 1 0
github.com/v-starostin/go-metrics/internal/application/application.go:139.8,140.12 1 0
github.com/v-starostin/go-metrics/internal/application/application.go:141.21,142.44 1 0
github.com/v-starostin/go-metrics/internal/application/application.go:142.44,144.7 1 0
github.com/v-starostin/go-metrics/internal/application/application.go:145.23,147.16 2 0
github.com/v-starostin/go-metrics/internal/application/application.go:153.2,159.11 5 0
github.com/v-starostin/go-metrics/internal/application/application.go:162.53,164.88 2 0
github.com/v-starostin/go-metrics/internal/application/application.go:164.88,167.3 2 0
github.com/v-starostin/go-metrics/internal/application/application.go:170.107,176.16 4 0
github.com/v-starostin/go-metrics/internal/application/application.go:176.16,177.41 1 0
github.com/v-starostin/go-metrics/internal/application/application.go:177.41,179.4 1 0
github.com/v-starostin/go-metrics/internal/application/application.go:182.2,186.16 4 0
github.com/v-starostin/go-metrics/internal/application/application.go:186.16,189.3 2 0
github.com/v-starostin/go-metrics/internal/application/application.go:191.2,191.50 1 0
github.com/v-starostin/go-metrics/internal/config/config.go:21.33,25.43 3 0
github.com/v-starostin/go-metrics/internal/config/config.go:25.43,27.3 1 0
github.com/v-starostin/go-metrics/internal/config/config.go:29.2,29.32 1 0
github.com/v-starostin/go-metrics/internal/config/config.go:29.32,31.3 1 0
github.com/v-starostin/go-metrics/internal/config/config.go:32.2,32.32 1 0
github.com/v-starostin/go-metrics/internal/config/config.go:32.32,34.3 1 0
github.com/v-starostin/go-metrics/internal/config/config.go:35.2,35.30 1 0
github.com/v-starostin/go-metrics/internal/config/config.go:35.30,37.3 1 0
github.com/v-starostin/go-metrics/internal/config/config.go:38.2,38.22 1 0
github.com/v-starostin/go-metrics/internal/config/config.go:38.22,40.3 1 0
github.com/v-starostin/go-metrics/internal/config/config.go:41.2,41.27 1 0
github.com/v-starostin/go-metrics/internal/config/config.go:41.27,43.3 1 0
github.com/v-starostin/go-metrics/internal/config/config.go:45.2,45.20 1 0
github.com/v-starostin/go-metrics/internal/config/config.go:48.34,52.43 3 0
github.com/v-starostin/go-metrics/internal/config/config.go:52.43,54.3 1 0
github.com/v-starostin/go-metrics/internal/config/config.go:56.2,56.32 1 0
github.com/v-starostin/go-metrics/internal/config/config.go:56.32,58.3 1 0
github.com/v-starostin/go-metrics/internal/config/config.go:59.2,59.27 1 0
github.com/v-starostin/go-metrics/internal/config/config.go:59.27,61.3 1 0
github.com/v-starostin/go-metrics/internal/config/config.go:62.2,62.33 1 0
github.com/v-starostin/go-metrics/internal/config/config.go:62.33,64.3 1 0
github.com/v-starostin/go-metrics/internal/config/config.go:65.2,65.34 1 0
github.com/v-starostin/go-metrics/internal/config/config.go:65.34,67.3 1 0
github.com/v-starostin/go-metrics/internal/config/config.go:68.2,68.30 1 0
github.com/v-starostin/go-metrics/internal/config/config.go:68.30,70.3 1 0
github.com/v-starostin/go-metrics/internal/config/config.go:71.2,71.22 1 0
github.com/v-starostin/go-metrics/internal/config/config.go:71.22,73.3 1 0
github.com/v-starostin/go-metrics/internal/config/config.go:74.2,74.27 1 0
github.com/v-starostin/go-metrics/internal/config/config.go:74.27,76.3 1 0
github.com/v-starostin/go-metrics/internal/config/config.go:78.2,78.30 1 0
github.com/v-starostin/go-metrics/internal/config/config.go:78.30,82.3 3 0
github.com/v-starostin/go-metrics/internal/config/config.go:84.2,84.20 1 0
github.com/v-starostin/go-metrics/internal/config/config.go:87.31,102.2 7 0
github.com/v-starostin/go-metrics/internal/config/config.go:104.32,121.2 8 0
github.com/v-starostin/go-metrics/internal/handler/file.go:7.32,7.51 1 0
github.com/v-starostin/go-metrics/internal/handler/file.go:9.36,11.2 1 0
github.com/v-starostin/go-metrics/internal/handler/file.go:13.40,15.2 1 0
github.com/v-starostin/go-metrics/internal/handler/get_metric_handler.go:29.62,34.2 1 0
github.com/v-starostin/go-metrics/internal/handler/get_metric_handler.go:36.71,41.16 4 0
github.com/v-starostin/go-metrics/internal/handler/get_metric_handler.go:41.16,44.3 2 0
github.com/v-starostin/go-metrics/internal/handler/get_metric_handler.go:45.2,47.17 2 0
github.com/v-starostin/go-metrics/internal/handler/get_metric_handler.go:47.17,49.3 1 0
github.com/v-starostin/go-metrics/internal/handler/get_metric_handler.go:51.2,51.15 1 0
github.com/v-starostin/go-metrics/internal/handler/get_metric_handler.go:52.25,53.49 1 0
github.com/v-starostin/go-metrics/internal/handler/get_metric_handler.go:54.27,55.49 1 0
github.com/v-starostin/go-metrics/internal/handler/get_metric_v2_handler.go:18.64,23.2 1 0
github.com/v-starostin/go-metrics/internal/handler/get_metric_v2_handler.go:25.73,29.61 3 0
github.com/v-starostin/go-metrics/internal/handler/get_metric_v2_handler.go:29.61,33.3 3 0
github.com/v-starostin/go-metrics/internal/handler/get_metric_v2_handler.go:34.2,37.16 3 0
github.com/v-starostin/go-metrics/internal/handler/get_metric_v2_handler.go:37.16,41.3 3 0
github.com/v-starostin/go-metrics/internal/handler/get_metric_v2_handler.go:43.2,43.17 1 0
github.com/v-starostin/go-metrics/internal/handler/get_metric_v2_handler.go:43.17,45.3 1 0
github.com/v-starostin/go-metrics/internal/handler/get_metric_v2_handler.go:47.2,47.38 1 0
github.com/v-starostin/go-metrics/internal/handler/get_metrics_handler.go:19.64,24.2 1 0
github.com/v-starostin/go-metrics/internal/handler/get_metrics_handler.go:26.72,28.16 2 0
github.com/v-starostin/go-metrics/internal/handler/get_metrics_handler.go:28.16,31.3 2 0
github.com/v-starostin/go-metrics/internal/handler/get_metrics_handler.go:32.2,35.16 3 0
github.com/v-starostin/go-metrics/internal/handler/get_metrics_handler.go:35.16,38.3 2 0
github.com/v-starostin/go-metrics/internal/handler/get_metrics_handler.go:39.2,40.52 2 0
github.com/v-starostin/go-metrics/internal/handler/get_metrics_handler.go:40.52,43.3 2 0
github.com/v-starostin/go-metrics/internal/handler/get_metrics_handler.go:45.2,45.17 1 0
github.com/v-starostin/go-metrics/internal/handler/get_metrics_handler.go:45.17,47.3 1 0
github.com/v-starostin/go-metrics/internal/handler/get_metrics_handler.go:49.2,51.22 3 0
github.com/v-starostin/go-metrics/internal/handler/middleware.go:24.73,31.2 2 0
github.com/v-starostin/go-metrics/internal/handler/middleware.go:37.90,43.2 1 0
github.com/v-starostin/go-metrics/internal/handler/middleware.go:45.47,50.2 1 0
github.com/v-starostin/go-metrics/internal/handler/middleware.go:52.73,55.46 2 0
github.com/v-starostin/go-metrics/internal/handler/middleware.go:55.46,56.72 1 0
github.com/v-starostin/go-metrics/internal/handler/middleware.go:56.72,58.49 2 0
github.com/v-starostin/go-metrics/internal/handler/middleware.go:58.49,61.5 2 0
github.com/v-starostin/go-metrics/internal/handler/middleware.go:63.4,63.43 1 0
github.com/v-starostin/go-metrics/internal/handler/middleware.go:63.43,65.5 1 0
github.com/v-starostin/go-metrics/internal/handler/middleware.go:66.4,69.24 3 0
github.com/v-starostin/go-metrics/internal/handler/middleware.go:74.65,75.46 1 0
github.com/v-starostin/go-metrics/internal/handler/middleware.go:75.46,76.72 1 0
github.com/v-starostin/go-metrics/internal/handler/middleware.go:76.72,78.24 2 0
github.com/v-starostin/go-metrics/internal/handler/middleware.go:78.24,81.5 2 0
github.com/v-starostin/go-metrics/internal/handler/middleware.go:82.4,84.18 3 0
github.com/v-starostin/go-metrics/internal/handler/middleware.go:84.18,87.5 2 0
github.com/v-starostin/go-metrics/internal/handler/middleware.go:88.4,88.40 1 0
github.com/v-starostin/go-metrics/internal/handler/middleware.go:88.40,91.5 2 0
github.com/v-starostin/go-metrics/internal/handler/middleware.go:92.4,94.18 3 0
github.com/v-starostin/go-metrics/internal/handler/middleware.go:94.18,97.5 2 0
github.com/v-starostin/go-metrics/internal/handler/middleware.go:98.4,98.26 1 0
github.com/v-starostin/go-metrics/internal/handler/middleware.go:98.26,101.5 2 0
github.com/v-starostin/go-metrics/internal/handler/middleware.go:102.4,103.24 2 0
github.com/v-starostin/go-metrics/internal/handler/ping_storage.go:14.66,19.2 1 0
github.com/v-starostin/go-metrics/internal/handler/ping_storage.go:21.73,22.48 1 0
github.com/v-starostin/go-metrics/internal/handler/ping_storage.go:22.48,26.3 3 0
github.com/v-starostin/go-metrics/internal/handler/ping_storage.go:27.2,27.30 1 0
github.com/v-starostin/go-metrics/internal/handler/post_metric_handler.go:21.64,26.2 1 0
github.com/v-starostin/go-metrics/internal/handler/post_metric_handler.go:28.72,33.64 4 0
github.com/v-starostin/go-metrics/internal/handler/post_metric_handler.go:33.64,36.3 2 0
github.com/v-starostin/go-metrics/internal/handler/post_metric_handler.go:38.2,40.15 2 0
github.com/v-starostin/go-metrics/internal/handler/post_metric_handler.go:41.27,43.17 2 0
github.com/v-starostin/go-metrics/internal/handler/post_metric_handler.go:43.17,46.4 2 0
github.com/v-starostin/go-metrics/internal/handler/post_metric_handler.go:47.3,51.4 1 0
github.com/v-starostin/go-metrics/internal/handler/post_metric_handler.go:52.25,54.17 2 0
github.com/v-starostin/go-metrics/internal/handler/post_metric_handler.go:54.17,57.4 2 0
github.com/v-starostin/go-metrics/internal/handler/post_metric_handler.go:58.3,62.4 1 0
github.com/v-starostin/go-metrics/internal/handler/post_metric_handler.go:65.2,65.48 1 0
github.com/v-starostin/go-metrics/internal/handler/post_metric_handler.go:65.48,66.45 1 0
github.com/v-starostin/go-metrics/internal/handler/post_metric_handler.go:66.45,69.4 2 0
github.com/v-starostin/go-metrics/internal/handler/post_metric_handler.go:70.3,71.9 2 0
github.com/v-starostin/go-metrics/internal/handler/post_metric_handler.go:74.2,74.132 1 0
github.com/v-starostin/go-metrics/internal/handler/post_metric_v2_handler.go:17.68,22.2 1 0
github.com/v-starostin/go-metrics/internal/handler/post_metric_v2_handler.go:24.74,28.61 3 0
github.com/v-starostin/go-metrics/internal/handler/post_metric_v2_handler.go:28.61,32.3 3 0
github.com/v-starostin/go-metrics/internal/handler/post_metric_v2_handler.go:33.2,35.50 2 0
github.com/v-starostin/go-metrics/internal/handler/post_metric_v2_handler.go:35.50,39.3 3 0
github.com/v-starostin/go-metrics/internal/handler/post_metric_v2_handler.go:41.2,41.38 1 0
github.com/v-starostin/go-metrics/internal/handler/post_metrics.go:17.66,22.2 1 0
github.com/v-starostin/go-metrics/internal/handler/post_metrics.go:24.73,26.61 2 0
github.com/v-starostin/go-metrics/internal/handler/post_metrics.go:26.61,30.3 3 0
github.com/v-starostin/go-metrics/internal/handler/post_metrics.go:31.2,33.51 2 0
github.com/v-starostin/go-metrics/internal/handler/post_metrics.go:33.51,37.3 3 0
github.com/v-starostin/go-metrics/internal/handler/post_metrics.go:39.2,39.38 1 0
github.com/v-starostin/go-metrics/internal/handler/response.go:8.60,11.16 3 0
github.com/v-starostin/go-metrics/internal/handler/response.go:11.16,15.3 3 0
github.com/v-starostin/go-metrics/internal/handler/response.go:16.2,17.12 2 0
github.com/v-starostin/go-metrics/internal/handler/sign.go:10.37,12.16 2 0
github.com/v-starostin/go-metrics/internal/handler/sign.go:12.16,14.3 1 0
github.com/v-starostin/go-metrics/internal/handler/sign.go:15.2,18.30 4 0
[...]
github.com/v-starostin/go-metrics/internal/mock/http_client.go:29.67,31.3 1 0
github.com/v-starostin/go-metrics/internal/mock/http_client.go:31.8,32.24 1 0
github.com/v-starostin/go-metrics/internal/mock/http_client.go:32.24,34.4 1 0
github.com/v-starostin/go-metrics/internal/mock/http_client.go:37.2,37.58 1 0
github.com/v-starostin/go-metrics/internal/mock/http_client.go:37.58,39.3 1 0
github.com/v-starostin/go-metrics/internal/mock/http_client.go:39.8,41.3 1 0
github.com/v-starostin/go-metrics/internal/mock/http_client.go:43.2,43.15 1 0
github.com/v-starostin/go-metrics/internal/mock/http_client.go:51.16,55.19 3 0
github.com/v-starostin/go-metrics/internal/mock/http_client.go:55.19,55.49 1 0
github.com/v-starostin/go-metrics/internal/mock/http_client.go:57.2,57.13 1 0
github.com/v-starostin/go-metrics/internal/mock/repository.go:16.79,19.19 2 1
github.com/v-starostin/go-metrics/internal/mock/repository.go:19.19,20.46 1 0
github.com/v-starostin/go-metrics/internal/mock/repository.go:23.2,25.76 3 1
github.com/v-starostin/go-metrics/internal/mock/repository.go:25.76,27.3 1 0
github.com/v-starostin/go-metrics/internal/mock/repository.go:28.2,28.67 1 1
github.com/v-starostin/go-metrics/internal/mock/repository.go:28.67,30.3 1 0
github.com/v-starostin/go-metrics/internal/mock/repository.go:30.8,31.24 1 1
github.com/v-starostin/go-metrics/internal/mock/repository.go:31.24,33.4 1 1
github.com/v-starostin/go-metrics/internal/mock/repository.go:36.2,36.59 1 1
github.com/v-starostin/go-metrics/internal/mock/repository.go:36.59,38.3 1 0
github.com/v-starostin/go-metrics/internal/mock/repository.go:38.8,40.3 1 1
github.com/v-starostin/go-metrics/internal/mock/repository.go:42.2,42.15 1 1
github.com/v-starostin/go-metrics/internal/mock/repository.go:46.53,49.19 2 1
github.com/v-starostin/go-metrics/internal/mock/repository.go:49.19,50.49 1 0
github.com/v-starostin/go-metrics/internal/mock/repository.go:53.2,55.59 3 1
github.com/v-starostin/go-metrics/internal/mock/repository.go:55.59,57.3 1 0
github.com/v-starostin/go-metrics/internal/mock/repository.go:58.2,58.50 1 1
github.com/v-starostin/go-metrics/internal/mock/repository.go:58.50,60.3 1 0
github.com/v-starostin/go-metrics/internal/mock/repository.go:60.8,61.24 1 1
github.com/v-starostin/go-metrics/internal/mock/repository.go:61.24,63.4 1 1
github.com/v-starostin/go-metrics/internal/mock/repository.go:66.2,66.45 1 1
github.com/v-starostin/go-metrics/internal/mock/repository.go:66.45,68.3 1 0
github.com/v-starostin/go-metrics/internal/mock/repository.go:68.8,70.3 1 1
github.com/v-starostin/go-metrics/internal/mock/repository.go:72.2,72.15 1 1
github.com/v-starostin/go-metrics/internal/mock/repository.go:76.43,79.19 2 0
github.com/v-starostin/go-metrics/internal/mock/repository.go:79.19,80.53 1 0
github.com/v-starostin/go-metrics/internal/mock/repository.go:83.2,84.45 2 0
github.com/v-starostin/go-metrics/internal/mock/repository.go:84.45,86.3 1 0
github.com/v-starostin/go-metrics/internal/mock/repository.go:86.8,88.3 1 0
github.com/v-starostin/go-metrics/internal/mock/repository.go:90.2,90.11 1 0
github.com/v-starostin/go-metrics/internal/mock/repository.go:94.47,97.19 2 0
github.com/v-starostin/go-metrics/internal/mock/repository.go:97.19,98.57 1 0
github.com/v-starostin/go-metrics/internal/mock/repository.go:101.2,102.45 2 0
github.com/v-starostin/go-metrics/internal/mock/repository.go:102.45,104.3 1 0
github.com/v-starostin/go-metrics/internal/mock/repository.go:104.8,106.3 1 0
github.com/v-starostin/go-metrics/internal/mock/repository.go:108.2,108.11 1 0
github.com/v-starostin/go-metrics/internal/mock/repository.go:112.57,115.19 2 1
github.com/v-starostin/go-metrics/internal/mock/repository.go:115.19,116.53 1 0
github.com/v-starostin/go-metrics/internal/mock/repository.go:119.2,120.57 2 1
github.com/v-starostin/go-metrics/internal/mock/repository.go:120.57,122.3 1 0
github.com/v-starostin/go-metrics/internal/mock/repository.go:122.8,124.3 1 1
github.com/v-starostin/go-metrics/internal/mock/repository.go:126.2,126.11 1 1
github.com/v-starostin/go-metrics/internal/mock/repository.go:130.60,133.19 2 1
github.com/v-starostin/go-metrics/internal/mock/repository.go:133.19,134.54 1 0
github.com/v-starostin/go-metrics/internal/mock/repository.go:137.2,138.59 2 1
github.com/v-starostin/go-metrics/internal/mock/repository.go:138.59,140.3 1 0
github.com/v-starostin/go-metrics/internal/mock/repository.go:140.8,142.3 1 1
github.com/v-starostin/go-metrics/internal/mock/repository.go:144.2,144.11 1 1
github.com/v-starostin/go-metrics/internal/mock/repository.go:148.43,151.19 2 0
github.com/v-starostin/go-metrics/internal/mock/repository.go:151.19,152.53 1 0
github.com/v-starostin/go-metrics/internal/mock/repository.go:155.2,156.45 2 0
github.com/v-starostin/go-metrics/internal/mock/repository.go:156.45,158.3 1 0
github.com/v-starostin/go-metrics/internal/mock/repository.go:158.8,160.3 1 0
github.com/v-starostin/go-metrics/internal/mock/repository.go:162.2,162.11 1 0
github.com/v-starostin/go-metrics/internal/mock/repository.go:170.16,174.19 3 0
github.com/v-starostin/go-metrics/internal/mock/repository.go:174.19,174.49 1 0
github.com/v-starostin/go-metrics/internal/mock/repository.go:176.2,176.13 1 0
github.com/v-starostin/go-metrics/internal/mock/service.go:16.81,19.19 2 0
github.com/v-starostin/go-metrics/internal/mock/service.go:19.19,20.51 1 0
github.com/v-starostin/go-metrics/internal/mock/service.go:23.2,25.76 3 0
github.com/v-starostin/go-metrics/internal/mock/service.go:25.76,27.3 1 0
github.com/v-starostin/go-metrics/internal/mock/service.go:28.2,28.67 1 0
github.com/v-starostin/go-metrics/internal/mock/service.go:28.67,30.3 1 0
github.com/v-starostin/go-metrics/internal/mock/service.go:30.8,31.24 1 0
github.com/v-starostin/go-metrics/internal/mock/service.go:31.24,33.4 1 0
github.com/v-starostin/go-metrics/internal/mock/service.go:36.2,36.59 1 0
github.com/v-starostin/go-metrics/internal/mock/service.go:36.59,38.3 1 0
github.com/v-starostin/go-metrics/internal/mock/service.go:38.8,40.3 1 0
github.com/v-starostin/go-metrics/internal/mock/service.go:42.2,42.15 1 0
github.com/v-starostin/go-metrics/internal/mock/service.go:46.53,49.19 2 0
github.com/v-starostin/go-metrics/internal/mock/service.go:49.19,50.52 1 0
github.com/v-starostin/go-metrics/internal/mock/service.go:53.2,55.59 3 0
github.com/v-starostin/go-metrics/internal/mock/service.go:55.59,57.3 1 0
github.com/v-starostin/go-metrics/internal/mock/service.go:58.2,58.50 1 0
github.com/v-starostin/go-metrics/internal/mock/service.go:58.50,60.3 1 0
github.com/v-starostin/go-metrics/internal/mock/service.go:60.8,61.24 1 0
github.com/v-starostin/go-metrics/internal/mock/service.go:61.24,63.4 1 0
github.com/v-starostin/go-metrics/internal/mock/service.go:66.2,66.45 1 0
github.com/v-starostin/go-metrics/internal/mock/service.go:66.45,68.3 1 0
github.com/v-starostin/go-metrics/internal/mock/service.go:68.8,70.3 1 0
github.com/v-starostin/go-metrics/internal/mock/service.go:72.2,72.15 1 0
github.com/v-starostin/go-metrics/internal/mock/service.go:76.40,79.19 2 0
github.com/v-starostin/go-metrics/internal/mock/service.go:79.19,80.53 1 0
github.com/v-starostin/go-metrics/internal/mock/service.go:83.2,84.45 2 0
github.com/v-starostin/go-metrics/internal/mock/service.go:84.45,86.3 1 0
github.com/v-starostin/go-metrics/internal/mock/service.go:86.8,88.3 1 0
github.com/v-starostin/go-metrics/internal/mock/service.go:90.2,90.11 1 0
github.com/v-starostin/go-metrics/internal/mock/service.go:94.44,97.19 2 0
github.com/v-starostin/go-metrics/internal/mock/service.go:97.19,98.57 1 0
github.com/v-starostin/go-metrics/internal/mock/service.go:101.2,102.45 2 0
github.com/v-starostin/go-metrics/internal/mock/service.go:102.45,104.3 1 0
github.com/v-starostin/go-metrics/internal/mock/service.go:104.8,106.3 1 0
github.com/v-starostin/go-metrics/internal/mock/service.go:108.2,108.11 1 0
github.com/v-starostin/go-metrics/internal/mock/service.go:112.53,115.19 2 0
github.com/v-starostin/go-metrics/internal/mock/service.go:115.19,116.52 1 0
github.com/v-starostin/go-metrics/internal/mock/service.go:119.2,120.57 2 0
github.com/v-starostin/go-metrics/internal/mock/service.go:120.57,122.3 1 0
github.com/v-starostin/go-metrics/internal/mock/service.go:122.8,124.3 1 0
github.com/v-starostin/go-metrics/internal/mock/service.go:126.2,126.11 1 0
github.com/v-starostin/go-metrics/internal/mock/service.go:130.56,133.19 2 0
github.com/v-starostin/go-metrics/internal/mock/service.go:133.19,134.53 1 0
github.com/v-starostin/go-metrics/internal/mock/service.go:137.2,138.59 2 0
github.com/v-starostin/go-metrics/internal/mock/service.go:138.59,140.3 1 0
github.com/v-starostin/go-metrics/internal/mock/service.go:140.8,142.3 1 0
github.com/v-starostin/go-metrics/internal/mock/service.go:144.2,144.11 1 0
github.com/v-starostin/go-metrics/internal/mock/service.go:148.40,151.19 2 0
github.com/v-starostin/go-metrics/internal/mock/service.go:151.19,152.53 1 0
github.com/v-starostin/go-metrics/internal/mock/service.go:155.2,156.45 2 0
github.com/v-starostin/go-metrics/internal/mock/service.go:156.45,158.3 1 0
github.com/v-starostin/go-metrics/internal/mock/service.go:158.8,160.3 1 0
github.com/v-starostin/go-metrics/internal/mock/service.go:162.2,162.11 1 0
github.com/v-starostin/go-metrics/internal/mock/service.go:170.13,174.19 3 0
github.com/v-starostin/go-metrics/internal/mock/service.go:174.19,174.49 1 0
github.com/v-starostin/go-metrics/internal/mock/service.go:176.2,176.13 1 0
github.com/v-starostin/go-metrics/internal/repository/db.go:20.62,25.2 1 0
github.com/v-starostin/go-metrics/internal/repository/db.go:27.68,33.65 5 0
github.com/v-starostin/go-metrics/internal/repository/db.go:33.65,36.3 2 0
github.com/v-starostin/go-metrics/internal/repository/db.go:38.2,43.8 1 0
github.com/v-starostin/go-metrics/internal/repository/db.go:46.49,48.16 2 0
github.com/v-starostin/go-metrics/internal/repository/db.go:48.16,51.3 2 0
github.com/v-starostin/go-metrics/internal/repository/db.go:52.2,55.18 3 0
github.com/v-starostin/go-metrics/internal/repository/db.go:55.18,60.67 4 0
github.com/v-starostin/go-metrics/internal/repository/db.go:60.67,63.4 2 0
github.com/v-starostin/go-metrics/internal/repository/db.go:64.3,65.10 2 0
github.com/v-starostin/go-metrics/internal/repository/db.go:65.10,74.12 2 0
github.com/v-starostin/go-metrics/internal/repository/db.go:76.3,81.4 1 0
github.com/v-starostin/go-metrics/internal/repository/db.go:83.2,83.35 1 0
github.com/v-starostin/go-metrics/internal/repository/db.go:83.35,86.3 2 0
github.com/v-starostin/go-metrics/internal/repository/db.go:88.2,88.20 1 0
github.com/v-starostin/go-metrics/internal/repository/db.go:91.62,93.16 2 0
github.com/v-starostin/go-metrics/internal/repository/db.go:93.16,96.3 2 0
github.com/v-starostin/go-metrics/internal/repository/db.go:98.2,98.33 1 0
github.com/v-starostin/go-metrics/internal/repository/db.go:98.33,100.17 2 0
github.com/v-starostin/go-metrics/internal/repository/db.go:100.17,104.4 3 0
github.com/v-starostin/go-metrics/internal/repository/db.go:107.2,107.36 1 0
github.com/v-starostin/go-metrics/internal/repository/db.go:107.36,110.3 2 0
github.com/v-starostin/go-metrics/internal/repository/db.go:112.2,112.12 1 0
github.com/v-starostin/go-metrics/internal/repository/db.go:115.70,123.50 6 0
github.com/v-starostin/go-metrics/internal/repository/db.go:123.50,126.3 2 0
github.com/v-starostin/go-metrics/internal/repository/db.go:128.2,128.36 1 0
github.com/v-starostin/go-metrics/internal/repository/db.go:128.36,129.10 1 0
github.com/v-starostin/go-metrics/internal/repository/db.go:130.18,134.5 1 0
github.com/v-starostin/go-metrics/internal/repository/db.go:135.11,139.5 1 0
github.com/v-starostin/go-metrics/internal/repository/db.go:141.3,141.17 1 0
github.com/v-starostin/go-metrics/internal/repository/db.go:141.17,144.4 2 0
github.com/v-starostin/go-metrics/internal/repository/db.go:147.2,147.34 1 0
github.com/v-starostin/go-metrics/internal/repository/db.go:147.34,148.10 1 0
github.com/v-starostin/go-metrics/internal/repository/db.go:149.18,153.5 1 0
github.com/v-starostin/go-metrics/internal/repository/db.go:154.11,158.5 1 0
github.com/v-starostin/go-metrics/internal/repository/db.go:160.3,160.17 1 0
github.com/v-starostin/go-metrics/internal/repository/db.go:160.17,163.4 2 0
github.com/v-starostin/go-metrics/internal/repository/db.go:166.2,166.12 1 0
github.com/v-starostin/go-metrics/internal/repository/db.go:169.53,171.16 2 0
github.com/v-starostin/go-metrics/internal/repository/db.go:171.16,174.3 2 0
github.com/v-starostin/go-metrics/internal/repository/db.go:175.2,175.47 1 0
github.com/v-starostin/go-metrics/internal/repository/db.go:175.47,179.3 3 0
github.com/v-starostin/go-metrics/internal/repository/db.go:180.2,180.36 1 0
github.com/v-starostin/go-metrics/internal/repository/db.go:180.36,183.3 2 0
github.com/v-starostin/go-metrics/internal/repository/db.go:184.2,184.12 1 0
github.com/v-starostin/go-metrics/internal/repository/db.go:187.39,189.2 1 0
github.com/v-starostin/go-metrics/internal/repository/db.go:191.41,192.13 1 0
github.com/v-starostin/go-metrics/internal/repository/db.go:192.13,194.3 1 0
github.com/v-starostin/go-metrics/internal/repository/db.go:195.2,195.12 1 0
github.com/v-starostin/go-metrics/internal/repository/db.go:198.45,199.13 1 0
github.com/v-starostin/go-metrics/internal/repository/db.go:199.13,201.3 1 0
github.com/v-starostin/go-metrics/internal/repository/db.go:202.2,202.12 1 0
github.com/v-starostin/go-metrics/internal/repository/db.go:205.43,207.2 1 0
github.com/v-starostin/go-metrics/internal/repository/db.go:209.39,211.2 1 0
github.com/v-starostin/go-metrics/internal/repository/memstorage.go:24.83,31.2 1 0
github.com/v-starostin/go-metrics/internal/repository/memstorage.go:33.46,35.36 2 0
github.com/v-starostin/go-metrics/internal/repository/memstorage.go:35.36,37.3 1 0
github.com/v-starostin/go-metrics/internal/repository/memstorage.go:38.2,38.16 1 0
github.com/v-starostin/go-metrics/internal/repository/memstorage.go:38.16,40.3 1 0
github.com/v-starostin/go-metrics/internal/repository/memstorage.go:41.2,42.16 2 0
github.com/v-starostin/go-metrics/internal/repository/memstorage.go:42.16,44.3 1 0
github.com/v-starostin/go-metrics/internal/repository/memstorage.go:46.2,46.51 1 0
github.com/v-starostin/go-metrics/internal/repository/memstorage.go:46.51,48.3 1 0
github.com/v-starostin/go-metrics/internal/repository/memstorage.go:49.2,50.12 2 0
github.com/v-starostin/go-metrics/internal/repository/memstorage.go:53.42,55.16 2 0
github.com/v-starostin/go-metrics/internal/repository/memstorage.go:55.16,57.3 1 0
github.com/v-starostin/go-metrics/internal/repository/memstorage.go:58.2,62.16 4 0
github.com/v-starostin/go-metrics/internal/repository/memstorage.go:62.16,64.3 1 0
github.com/v-starostin/go-metrics/internal/repository/memstorage.go:65.2,68.16 3 0
github.com/v-starostin/go-metrics/internal/repository/memstorage.go:68.16,70.3 1 0
github.com/v-starostin/go-metrics/internal/repository/memstorage.go:71.2,72.12 2 0
github.com/v-starostin/go-metrics/internal/repository/memstorage.go:75.52,79.2 3 0
github.com/v-starostin/go-metrics/internal/repository/memstorage.go:81.71,86.9 4 0
github.com/v-starostin/go-metrics/internal/repository/memstorage.go:86.9,88.3 1 0
github.com/v-starostin/go-metrics/internal/repository/memstorage.go:90.2,91.9 2 0
github.com/v-starostin/go-metrics/internal/repository/memstorage.go:91.9,93.3 1 0
github.com/v-starostin/go-metrics/internal/repository/memstorage.go:95.2,95.21 1 0
github.com/v-starostin/go-metrics/internal/repository/memstorage.go:98.56,102.21 3 0
github.com/v-starostin/go-metrics/internal/repository/memstorage.go:102.21,103.16 1 0
github.com/v-starostin/go-metrics/internal/repository/memstorage.go:103.16,104.42 1 0
github.com/v-starostin/go-metrics/internal/repository/memstorage.go:104.42,106.5 1 0
github.com/v-starostin/go-metrics/internal/repository/memstorage.go:110.2,111.9 2 0
github.com/v-starostin/go-metrics/internal/repository/memstorage.go:111.9,116.3 2 0
github.com/v-starostin/go-metrics/internal/repository/memstorage.go:118.2,118.17 1 0
github.com/v-starostin/go-metrics/internal/repository/memstorage.go:119.25,120.73 1 0
github.com/v-starostin/go-metrics/internal/repository/memstorage.go:121.27,123.10 2 0
github.com/v-starostin/go-metrics/internal/repository/memstorage.go:123.10,126.4 2 0
github.com/v-starostin/go-metrics/internal/repository/memstorage.go:127.3,128.78 2 0
github.com/v-starostin/go-metrics/internal/repository/memstorage.go:130.2,132.12 2 0
github.com/v-starostin/go-metrics/internal/repository/memstorage.go:135.65,137.33 2 0
github.com/v-starostin/go-metrics/internal/repository/memstorage.go:137.33,139.17 2 0
github.com/v-starostin/go-metrics/internal/repository/memstorage.go:139.17,141.4 1 0
github.com/v-starostin/go-metrics/internal/repository/memstorage.go:143.2,143.12 1 0
github.com/v-starostin/go-metrics/internal/repository/memstorage.go:146.42,148.2 1 0
github.com/v-starostin/go-metrics/internal/service/service.go:42.55,47.2 1 1
github.com/v-starostin/go-metrics/internal/service/service.go:49.73,52.41 3 1
github.com/v-starostin/go-metrics/internal/service/service.go:52.41,54.17 2 1
github.com/v-starostin/go-metrics/internal/service/service.go:54.17,56.4 1 1
github.com/v-starostin/go-metrics/internal/service/service.go:57.3,57.13 1 1
github.com/v-starostin/go-metrics/internal/service/service.go:59.2,59.16 1 1
github.com/v-starostin/go-metrics/internal/service/service.go:59.16,61.3 1 1
github.com/v-starostin/go-metrics/internal/service/service.go:63.2,63.15 1 1
github.com/v-starostin/go-metrics/internal/service/service.go:66.52,69.41 3 1
github.com/v-starostin/go-metrics/internal/service/service.go:69.41,71.17 2 1
github.com/v-starostin/go-metrics/internal/service/service.go:71.17,73.4 1 1
github.com/v-starostin/go-metrics/internal/service/service.go:74.3,74.13 1 1
github.com/v-starostin/go-metrics/internal/service/service.go:76.2,76.16 1 1
github.com/v-starostin/go-metrics/internal/service/service.go:76.16,78.3 1 1
github.com/v-starostin/go-metrics/internal/service/service.go:79.2,79.15 1 1
github.com/v-starostin/go-metrics/internal/service/service.go:82.52,88.42 2 1
github.com/v-starostin/go-metrics/internal/service/service.go:88.42,89.47 1 1
github.com/v-starostin/go-metrics/internal/service/service.go:89.47,91.4 1 1
github.com/v-starostin/go-metrics/internal/service/service.go:92.3,92.13 1 1
github.com/v-starostin/go-metrics/internal/service/service.go:94.2,94.16 1 1
github.com/v-starostin/go-metrics/internal/service/service.go:94.16,96.3 1 1
github.com/v-starostin/go-metrics/internal/service/service.go:97.2,98.12 2 1
github.com/v-starostin/go-metrics/internal/service/service.go:101.55,102.42 1 1
github.com/v-starostin/go-metrics/internal/service/service.go:102.42,103.48 1 1
github.com/v-starostin/go-metrics/internal/service/service.go:103.48,105.4 1 1
github.com/v-starostin/go-metrics/internal/service/service.go:106.3,106.13 1 1
github.com/v-starostin/go-metrics/internal/service/service.go:108.2,108.16 1 1
github.com/v-starostin/go-metrics/internal/service/service.go:108.16,110.3 1 1
github.com/v-starostin/go-metrics/internal/service/service.go:111.2,112.12 2 1
github.com/v-starostin/go-metrics/internal/service/service.go:115.39,117.2 1 0
github.com/v-starostin/go-metrics/internal/service/service.go:119.39,121.2 1 0
github.com/v-starostin/go-metrics/internal/service/service.go:123.43,125.2 1 0
github.com/v-starostin/go-metrics/internal/service/service.go:127.92,130.16 3 1
github.com/v-starostin/go-metrics/internal/service/service.go:130.16,132.3 1 1
github.com/v-starostin/go-metrics/internal/service/service.go:133.2,133.34 1 1
github.com/v-starostin/go-metrics/internal/service/service.go:133.34,136.29 3 1
github.com/v-starostin/go-metrics/internal/service/service.go:136.29,138.4 1 0
github.com/v-starostin/go-metrics/internal/service/service.go:140.2,141.12 2 1
